<?xml version="1.0" encoding="UTF-8"?>
<testsuite name="com.herokuapp.runners.LoginRunner" tests="1" skipped="0" failures="0" errors="0" timestamp="2023-03-26T21:13:52" hostname="DESKTOP-JVR2IFE" time="69.93">
  <properties/>
  <testcase name="(Make an appointment on the CURA website)" classname="com.herokuapp.runners.LoginRunner" time="69.93"/>
  <system-out><![CDATA[16:13:51.905 [Test worker] INFO io.cucumber.core.plugin.SerenityReporter - Running feature from file:///C:/Users/user/IdeaProjects/pruebaAutomatizacion/src/test/resources/com.herokuapp.features/Login.feature
16:13:51.913 [Test worker] WARN io.cucumber.core.plugin.SerenityReporter - Feature from file:///C:/Users/user/IdeaProjects/pruebaAutomatizacion/src/test/resources/com.herokuapp.features/Login.feature is not under the 'features' directory. Requirements report will not be correctly generated!
16:13:52.075 [Test worker] INFO  - 

-------------------------------------------------------------------------------------
     _______. _______ .______       _______ .__   __.  __  .___________.____    ____ 
    /       ||   ____||   _  \     |   ____||  \ |  | |  | |           |\   \  /   / 
   |   (----`|  |__   |  |_)  |    |  |__   |   \|  | |  | `---|  |----` \   \/   /  
    \   \    |   __|  |      /     |   __|  |  . `  | |  |     |  |       \_    _/   
.----)   |   |  |____ |  |\  \----.|  |____ |  |\   | |  |     |  |         |  |     
|_______/    |_______|| _| `._____||_______||__| \__| |__|     |__|         |__|    
                                                                                     
 News and tutorials at http://www.serenity-bdd.info                                  
 Documentation at https://wakaleo.gitbooks.io/the-serenity-book/content/             
 Join the Serenity Community on Gitter: https://gitter.im/serenity-bdd/serenity-core 
 Serenity BDD Support and Training at http://serenity-bdd.info/#/trainingandsupport  
-------------------------------------------------------------------------------------

16:13:52.082 [Test worker] DEBUG net.thucydides.core.steps.StepEventBus - Test suite started for story net.thucydides.core.model.Story@9bed157d
16:13:52.088 [Test worker] INFO  - Test Suite Started: Make an appointment on the CURA website
16:13:52.164 [Test worker] INFO io.cucumber.core.plugin.SerenityReporter - Running feature from file:///C:/Users/user/IdeaProjects/pruebaAutomatizacion/src/test/resources/com.herokuapp.features/Login.feature
16:13:52.164 [Test worker] WARN io.cucumber.core.plugin.SerenityReporter - Feature from file:///C:/Users/user/IdeaProjects/pruebaAutomatizacion/src/test/resources/com.herokuapp.features/Login.feature is not under the 'features' directory. Requirements report will not be correctly generated!
16:13:52.171 [Test worker] DEBUG net.thucydides.core.steps.StepEventBus - Test suite started for story net.thucydides.core.model.Story@9bed157d
16:13:52.172 [Test worker] INFO  - Test Suite Started: Make an appointment on the CURA website

Scenario:                                                     ?[90m# src/test/resources/com.herokuapp.features/Login.feature:4?[0m
16:13:52.354 [Test worker] INFO io.cucumber.core.plugin.SerenityReporter - Running feature from file:///C:/Users/user/IdeaProjects/pruebaAutomatizacion/src/test/resources/com.herokuapp.features/Login.feature
16:13:52.354 [Test worker] WARN io.cucumber.core.plugin.SerenityReporter - Feature from file:///C:/Users/user/IdeaProjects/pruebaAutomatizacion/src/test/resources/com.herokuapp.features/Login.feature is not under the 'features' directory. Requirements report will not be correctly generated!
16:13:52.420 [Test worker] INFO  - 
  _____   ___   ___   _____     ___   _____     _     ___   _____   ___   ___  
 |_   _| | __| / __| |_   _|   / __| |_   _|   /_\   | _ \ |_   _| | __| |   \ 
   | |   | _|  \__ \   | |     \__ \   | |    / _ \  |   /   | |   | _|  | |) |
   |_|   |___| |___/   |_|     |___/   |_|   /_/ \_\ |_|_\   |_|   |___| |___/ 

(make-an-appointment-on-the-cura-website;)
--------------------------------------------------------------------------------
16:13:53.392 [Test worker] DEBUG net.thucydides.core.steps.StepInterceptor - STARTING STEP: LoginStepDefinition.theActorIsOnTheCURAWebsite - {0} opens the #targetPage
16:13:53.552 [Test worker] INFO net.serenitybdd.core.webdriver.driverproviders.ChromeDriverProvider - Using automatically driver download
16:13:55.557 [Test worker] DEBUG io.github.bonigarcia.wdm.cache.ResolutionCache - Resolution chrome=111 in cache (valid until 16:25:46 26/03/2023 COT)
16:13:55.559 [Test worker] DEBUG io.github.bonigarcia.wdm.cache.ResolutionCache - Resolution chrome111=111.0.5563.64 in cache (valid until 15:25:46 27/03/2023 COT)
16:13:55.561 [Test worker] INFO io.github.bonigarcia.wdm.WebDriverManager - Using chromedriver 111.0.5563.64 (resolved driver for Chrome 111)
16:13:55.600 [Test worker] DEBUG io.github.bonigarcia.wdm.WebDriverManager - Driver chromedriver 111.0.5563.64 found in cache
16:13:55.602 [Test worker] INFO io.github.bonigarcia.wdm.WebDriverManager - Exporting webdriver.chrome.driver as C:\Users\user\.cache\selenium\chromedriver\win32\111.0.5563.64\chromedriver.exe
16:13:56.863 [Test worker] DEBUG net.thucydides.core.reflection.ClassFinder - Could not load class .com.herokuapp.pages.OpenBrowserPages
16:13:56.863 [Test worker] DEBUG net.thucydides.core.reflection.ClassFinder - Could not load class .com.herokuapp.runners.LoginRunner
16:13:56.864 [Test worker] DEBUG net.thucydides.core.reflection.ClassFinder - Could not load class .com.herokuapp.stepDefinitions.LoginStepDefinition
16:13:56.864 [Test worker] DEBUG net.thucydides.core.reflection.ClassFinder - Could not load class .com.herokuapp.task.AppointmentConfirmation
16:13:56.864 [Test worker] DEBUG net.thucydides.core.reflection.ClassFinder - Could not load class .com.herokuapp.task.Login
16:13:56.864 [Test worker] DEBUG net.thucydides.core.reflection.ClassFinder - Could not load class .com.herokuapp.task.MakeAppointment
16:13:56.865 [Test worker] DEBUG net.thucydides.core.reflection.ClassFinder - Could not load class .com.herokuapp.userInterfaces.AppointmentConfirmationUI
16:13:56.865 [Test worker] DEBUG net.thucydides.core.reflection.ClassFinder - Could not load class .com.herokuapp.userInterfaces.CuraHomeUI
16:13:56.866 [Test worker] DEBUG net.thucydides.core.reflection.ClassFinder - Could not load class .com.herokuapp.userInterfaces.LoginUI
16:13:56.866 [Test worker] DEBUG net.thucydides.core.reflection.ClassFinder - Could not load class .com.herokuapp.userInterfaces.MakeAppointmentUI
16:13:56.868 [Test worker] DEBUG net.thucydides.core.reflection.ClassFinder - Could not load class META-INF.versions.9.com.sun.istack.logging.StackHelper
16:13:56.869 [Test worker] DEBUG net.thucydides.core.reflection.ClassFinder - Could not load class META-INF.versions.9.com.sun.xml.bind.v2.runtime.reflect.opt.AccessorInjector
16:13:56.870 [Test worker] DEBUG net.thucydides.core.reflection.ClassFinder - Could not load class META-INF.versions.9.com.sun.xml.bind.v2.runtime.reflect.opt.Injector
16:13:56.872 [Test worker] DEBUG net.thucydides.core.reflection.ClassFinder - Could not load class META-INF.versions.9.com.sun.xml.bind.v2.runtime.reflect.opt.OptimizedAccessorFactory
16:13:56.873 [Test worker] DEBUG net.thucydides.core.reflection.ClassFinder - Could not load class META-INF.versions.9.com.sun.xml.bind.v2.runtime.reflect.opt.OptimizedTransducedAccessorFactory
16:13:56.875 [Test worker] DEBUG net.thucydides.core.reflection.ClassFinder - Could not load class META-INF.versions.9.io.opentelemetry.sdk.internal.CurrentJavaVersionSpecific
16:13:56.876 [Test worker] DEBUG net.thucydides.core.reflection.ClassFinder - Could not load class META-INF.versions.9.io.opentelemetry.sdk.internal.Java9VersionSpecific
16:13:56.878 [Test worker] DEBUG net.thucydides.core.reflection.ClassFinder - Could not load class META-INF.versions.9.javax.xml.bind.ModuleUtil
16:13:56.879 [Test worker] DEBUG net.thucydides.core.reflection.ClassFinder - Could not load class META-INF.versions.9.module-info
16:13:56.880 [Test worker] DEBUG net.thucydides.core.reflection.ClassFinder - Could not load class META-INF.versions.9.org.junit.platform.commons.util.ModuleUtils
16:13:57.397 [Test worker] DEBUG net.thucydides.core.reflection.ClassFinder - Could not load class com.sun.xml.bind.v2.runtime.output.FastInfosetStreamWriterOutput
16:13:58.348 [Test worker] DEBUG net.thucydides.core.reflection.ClassFinder - Could not load class module-info
16:14:06.137 [Test worker] DEBUG io.netty.util.internal.logging.InternalLoggerFactory - Using SLF4J as the default logging framework
16:14:06.144 [Test worker] DEBUG io.netty.util.ResourceLeakDetector - -Dio.netty.leakDetection.level: simple
16:14:06.145 [Test worker] DEBUG io.netty.util.ResourceLeakDetector - -Dio.netty.leakDetection.targetRecords: 4
16:14:06.186 [Test worker] DEBUG io.netty.util.ResourceLeakDetectorFactory - Loaded default ResourceLeakDetector: io.netty.util.ResourceLeakDetector@1ae2b0d0
16:14:06.230 [Test worker] DEBUG io.netty.util.internal.PlatformDependent0 - -Dio.netty.noUnsafe: false
16:14:06.230 [Test worker] DEBUG io.netty.util.internal.PlatformDependent0 - Java version: 11
16:14:06.231 [Test worker] DEBUG io.netty.util.internal.PlatformDependent0 - sun.misc.Unsafe.theUnsafe: available
16:14:06.232 [Test worker] DEBUG io.netty.util.internal.PlatformDependent0 - sun.misc.Unsafe.copyMemory: available
16:14:06.233 [Test worker] DEBUG io.netty.util.internal.PlatformDependent0 - java.nio.Buffer.address: available
16:14:06.235 [Test worker] DEBUG io.netty.util.internal.PlatformDependent0 - direct buffer constructor: unavailable: Reflective setAccessible(true) disabled
16:14:06.236 [Test worker] DEBUG io.netty.util.internal.PlatformDependent0 - java.nio.Bits.unaligned: available, true
16:14:06.238 [Test worker] DEBUG io.netty.util.internal.PlatformDependent0 - jdk.internal.misc.Unsafe.allocateUninitializedArray(int): unavailable: class io.netty.util.internal.PlatformDependent0$6 cannot access class jdk.internal.misc.Unsafe (in module java.base) because module java.base does not export jdk.internal.misc to unnamed module @312b34e3
16:14:06.260 [Test worker] DEBUG io.netty.util.internal.PlatformDependent0 - java.nio.DirectByteBuffer.<init>(long, int): unavailable
16:14:06.261 [Test worker] DEBUG io.netty.util.internal.PlatformDependent - sun.misc.Unsafe: available
16:14:06.263 [Test worker] DEBUG io.netty.util.internal.PlatformDependent - maxDirectMemory: 536870912 bytes (maybe)
16:14:06.264 [Test worker] DEBUG io.netty.util.internal.PlatformDependent - -Dio.netty.tmpdir: C:\Users\user\AppData\Local\Temp (java.io.tmpdir)
16:14:06.264 [Test worker] DEBUG io.netty.util.internal.PlatformDependent - -Dio.netty.bitMode: 64 (sun.arch.data.model)
16:14:06.264 [Test worker] DEBUG io.netty.util.internal.PlatformDependent - Platform: Windows
16:14:06.267 [Test worker] DEBUG io.netty.util.internal.PlatformDependent - -Dio.netty.maxDirectMemory: -1 bytes
16:14:06.268 [Test worker] DEBUG io.netty.util.internal.PlatformDependent - -Dio.netty.uninitializedArrayAllocationThreshold: -1
16:14:06.270 [Test worker] DEBUG io.netty.util.internal.CleanerJava9 - java.nio.ByteBuffer.cleaner(): available
16:14:06.271 [Test worker] DEBUG io.netty.util.internal.PlatformDependent - -Dio.netty.noPreferDirect: false
16:14:06.288 [Test worker] DEBUG io.netty.util.internal.PlatformDependent - org.jctools-core.MpscChunkedArrayQueue: available
16:14:06.324 [Test worker] DEBUG io.netty.util.internal.InternalThreadLocalMap - -Dio.netty.threadLocalMap.stringBuilder.initialSize: 1024
16:14:06.325 [Test worker] DEBUG io.netty.util.internal.InternalThreadLocalMap - -Dio.netty.threadLocalMap.stringBuilder.maxSize: 4096
16:14:06.543 [Test worker] DEBUG io.netty.handler.ssl.JdkSslContext - Default protocols (JDK): [TLSv1.3, TLSv1.2, TLSv1.1, TLSv1] 
16:14:06.543 [Test worker] DEBUG io.netty.handler.ssl.JdkSslContext - Default cipher suites (JDK): [TLS_ECDHE_ECDSA_WITH_AES_256_GCM_SHA384, TLS_ECDHE_ECDSA_WITH_AES_128_GCM_SHA256, TLS_ECDHE_RSA_WITH_AES_128_GCM_SHA256, TLS_ECDHE_RSA_WITH_AES_256_GCM_SHA384, TLS_ECDHE_RSA_WITH_AES_128_CBC_SHA, TLS_ECDHE_RSA_WITH_AES_256_CBC_SHA, TLS_RSA_WITH_AES_128_GCM_SHA256, TLS_RSA_WITH_AES_128_CBC_SHA, TLS_RSA_WITH_AES_256_CBC_SHA, TLS_AES_128_GCM_SHA256, TLS_AES_256_GCM_SHA384]
16:14:06.626 [Test worker] DEBUG io.netty.channel.MultithreadEventLoopGroup - -Dio.netty.eventLoopThreads: 8
16:14:06.648 [Test worker] DEBUG io.netty.channel.nio.NioEventLoop - -Dio.netty.noKeySetOptimization: false
16:14:06.648 [Test worker] DEBUG io.netty.channel.nio.NioEventLoop - -Dio.netty.selectorAutoRebuildThreshold: 512
16:14:06.706 [Test worker] DEBUG io.netty.buffer.PooledByteBufAllocator - -Dio.netty.allocator.numHeapArenas: 1
16:14:06.706 [Test worker] DEBUG io.netty.buffer.PooledByteBufAllocator - -Dio.netty.allocator.numDirectArenas: 1
16:14:06.706 [Test worker] DEBUG io.netty.buffer.PooledByteBufAllocator - -Dio.netty.allocator.pageSize: 8192
16:14:06.706 [Test worker] DEBUG io.netty.buffer.PooledByteBufAllocator - -Dio.netty.allocator.maxOrder: 11
16:14:06.706 [Test worker] DEBUG io.netty.buffer.PooledByteBufAllocator - -Dio.netty.allocator.chunkSize: 16777216
16:14:06.706 [Test worker] DEBUG io.netty.buffer.PooledByteBufAllocator - -Dio.netty.allocator.smallCacheSize: 256
16:14:06.706 [Test worker] DEBUG io.netty.buffer.PooledByteBufAllocator - -Dio.netty.allocator.normalCacheSize: 64
16:14:06.706 [Test worker] DEBUG io.netty.buffer.PooledByteBufAllocator - -Dio.netty.allocator.maxCachedBufferCapacity: 32768
16:14:06.706 [Test worker] DEBUG io.netty.buffer.PooledByteBufAllocator - -Dio.netty.allocator.cacheTrimInterval: 8192
16:14:06.706 [Test worker] DEBUG io.netty.buffer.PooledByteBufAllocator - -Dio.netty.allocator.cacheTrimIntervalMillis: 600000
16:14:06.706 [Test worker] DEBUG io.netty.buffer.PooledByteBufAllocator - -Dio.netty.allocator.useCacheForAllThreads: false
16:14:06.707 [Test worker] DEBUG io.netty.buffer.PooledByteBufAllocator - -Dio.netty.allocator.maxCachedByteBuffersPerChunk: 1023
16:14:06.731 [Test worker] DEBUG io.netty.buffer.ByteBufUtil - -Dio.netty.allocator.type: pooled
16:14:06.731 [Test worker] DEBUG io.netty.buffer.ByteBufUtil - -Dio.netty.threadLocalDirectBufferSize: 0
16:14:06.731 [Test worker] DEBUG io.netty.buffer.ByteBufUtil - -Dio.netty.maxThreadLocalCharBufferSize: 16384
16:14:07.346 [Test worker] DEBUG net.serenitybdd.core.webdriver.driverproviders.ProvideNewDriver - Instantiating driver
16:14:07.346 [Test worker] DEBUG net.serenitybdd.core.webdriver.driverproviders.ProvideNewDriver - Driver capabilities: Capabilities {acceptInsecureCerts: false, autodownload: true, browserName: chrome, chrome.silentOutput: true, driver: chrome, goog:chromeOptions: {args: [start-maximized --disable-n...], extensions: []}}
16:14:08.790 [Forwarding newSession on session null to remote] DEBUG io.netty.channel.DefaultChannelId - -Dio.netty.processId: 40205 (user-set)
16:14:08.792 [Forwarding newSession on session null to remote] DEBUG io.netty.channel.DefaultChannelId - -Dio.netty.machineId: 28:f0:76:ff:fe:16:65:0e (user-set)
16:14:08.877 [AsyncHttpClient-1-2] DEBUG io.netty.buffer.AbstractByteBuf - -Dio.netty.buffer.checkAccessible: true
16:14:08.878 [AsyncHttpClient-1-2] DEBUG io.netty.buffer.AbstractByteBuf - -Dio.netty.buffer.checkBounds: true
16:14:08.878 [AsyncHttpClient-1-2] DEBUG io.netty.util.ResourceLeakDetectorFactory - Loaded default ResourceLeakDetector: io.netty.util.ResourceLeakDetector@43c8518
16:14:08.903 [AsyncHttpClient-1-2] DEBUG org.asynchttpclient.netty.channel.NettyConnectListener - Using new Channel '[id: 0x7adc0feb, L:/127.0.0.1:51261 - R:localhost/127.0.0.1:61515]' for 'POST' to '/session'
16:14:08.941 [AsyncHttpClient-1-2] DEBUG io.netty.util.Recycler - -Dio.netty.recycler.maxCapacityPerThread: 4096
16:14:08.941 [AsyncHttpClient-1-2] DEBUG io.netty.util.Recycler - -Dio.netty.recycler.ratio: 8
16:14:08.941 [AsyncHttpClient-1-2] DEBUG io.netty.util.Recycler - -Dio.netty.recycler.chunkSize: 32
16:14:08.941 [AsyncHttpClient-1-2] DEBUG io.netty.util.Recycler - -Dio.netty.recycler.blocking: false
16:14:25.818 [AsyncHttpClient-1-2] DEBUG io.netty.handler.codec.compression.Brotli - brotli4j not in the classpath; Brotli support will be unavailable.
16:14:25.819 [AsyncHttpClient-1-2] DEBUG org.asynchttpclient.netty.handler.HttpHandler - 

Request DefaultHttpRequest(decodeResult: success, version: HTTP/1.1)
POST /session HTTP/1.1
User-Agent: selenium/4.1.2 (java windows)
Content-Length: 848
Content-Type: application/json; charset=utf-8
host: localhost:61515
accept: */*

Response DefaultHttpResponse(decodeResult: success, version: HTTP/1.1)
HTTP/1.1 200 OK
Content-Type: application/json; charset=utf-8
cache-control: no-cache
content-length: 859

16:14:26.063 [AsyncHttpClient-1-2] DEBUG org.asynchttpclient.netty.channel.ChannelManager - Adding key: http://localhost:61515 for channel [id: 0x7adc0feb, L:/127.0.0.1:51261 - R:localhost/127.0.0.1:61515]
16:14:26.301 [AsyncHttpClient-1-1] DEBUG org.asynchttpclient.netty.channel.DefaultChannelPool - Entry count for : http://localhost:61515 : 1
16:14:26.487 [AsyncHttpClient-1-3] DEBUG org.asynchttpclient.netty.channel.NettyConnectListener - Using new Channel '[id: 0xfa465fa7, L:/127.0.0.1:51269 - R:localhost/127.0.0.1:51262]' for 'GET' to '/json/version'
16:14:26.490 [AsyncHttpClient-1-3] DEBUG org.asynchttpclient.netty.handler.HttpHandler - 

Request DefaultFullHttpRequest(decodeResult: success, version: HTTP/1.1, content: EmptyByteBufBE)
GET /json/version HTTP/1.1
User-Agent: selenium/4.1.2 (java windows)
host: localhost:51262
accept: */*

Response DefaultHttpResponse(decodeResult: success, version: HTTP/1.1)
HTTP/1.1 200 OK
Content-Security-Policy: frame-ancestors 'none'
Content-Type: application/json; charset=UTF-8
content-length: 424

16:14:26.491 [AsyncHttpClient-1-3] DEBUG org.asynchttpclient.netty.channel.ChannelManager - Adding key: http://localhost:51262 for channel [id: 0xfa465fa7, L:/127.0.0.1:51269 - R:localhost/127.0.0.1:51262]
16:14:26.547 [Test worker] DEBUG io.netty.util.internal.ThreadLocalRandom - -Dio.netty.initialSeedUniquifier: 0x2b6c8837aa39b53a
16:14:26.582 [AsyncHttpClient-1-4] DEBUG org.asynchttpclient.netty.channel.NettyConnectListener - Using new Channel '[id: 0x9b1266bb, L:/127.0.0.1:51270 - R:localhost/127.0.0.1:51262]' for 'GET' to '/devtools/browser/aab0fe5e-9462-4b9f-baa7-36728889358f'
16:14:26.640 [AsyncHttpClient-1-4] DEBUG org.asynchttpclient.netty.handler.WebSocketHandler - 

Request DefaultFullHttpRequest(decodeResult: success, version: HTTP/1.1, content: EmptyByteBufBE)
GET /devtools/browser/aab0fe5e-9462-4b9f-baa7-36728889358f HTTP/1.1
upgrade: websocket
connection: upgrade
sec-websocket-key: s9TuI0vnKTwLTBwpUfO7Iw==
sec-websocket-version: 13
origin: http://localhost:51262
host: localhost:51262
accept: */*
user-agent: AHC/2.1

Response DefaultHttpResponse(decodeResult: success, version: HTTP/1.1)
HTTP/1.1 101 WebSocket Protocol Handshake
Upgrade: WebSocket
Connection: Upgrade
Sec-WebSocket-Accept: Hx5TvJ45eGA2wf0w35gQ+Duve7o=

16:14:27.403 [AsyncHttpClient-1-1] DEBUG org.asynchttpclient.netty.channel.DefaultChannelPool - Entry count for : http://localhost:51262 : 1
16:14:27.403 [AsyncHttpClient-1-1] DEBUG org.asynchttpclient.netty.channel.DefaultChannelPool - Entry count for : http://localhost:61515 : 1
16:14:27.728 [Test worker] DEBUG net.thucydides.core.reflection.ClassFinder - Could not load class .com.herokuapp.pages.OpenBrowserPages
16:14:27.728 [Test worker] DEBUG net.thucydides.core.reflection.ClassFinder - Could not load class .com.herokuapp.runners.LoginRunner
16:14:27.730 [Test worker] DEBUG net.thucydides.core.reflection.ClassFinder - Could not load class .com.herokuapp.stepDefinitions.LoginStepDefinition
16:14:27.731 [Test worker] DEBUG net.thucydides.core.reflection.ClassFinder - Could not load class .com.herokuapp.task.AppointmentConfirmation
16:14:27.731 [Test worker] DEBUG net.thucydides.core.reflection.ClassFinder - Could not load class .com.herokuapp.task.Login
16:14:27.731 [Test worker] DEBUG net.thucydides.core.reflection.ClassFinder - Could not load class .com.herokuapp.task.MakeAppointment
16:14:27.731 [Test worker] DEBUG net.thucydides.core.reflection.ClassFinder - Could not load class .com.herokuapp.userInterfaces.AppointmentConfirmationUI
16:14:27.731 [Test worker] DEBUG net.thucydides.core.reflection.ClassFinder - Could not load class .com.herokuapp.userInterfaces.CuraHomeUI
16:14:27.732 [Test worker] DEBUG net.thucydides.core.reflection.ClassFinder - Could not load class .com.herokuapp.userInterfaces.LoginUI
16:14:27.732 [Test worker] DEBUG net.thucydides.core.reflection.ClassFinder - Could not load class .com.herokuapp.userInterfaces.MakeAppointmentUI
16:14:27.733 [Test worker] DEBUG net.thucydides.core.reflection.ClassFinder - Could not load class META-INF.versions.9.com.sun.istack.logging.StackHelper
16:14:27.734 [Test worker] DEBUG net.thucydides.core.reflection.ClassFinder - Could not load class META-INF.versions.9.com.sun.xml.bind.v2.runtime.reflect.opt.AccessorInjector
16:14:27.735 [Test worker] DEBUG net.thucydides.core.reflection.ClassFinder - Could not load class META-INF.versions.9.com.sun.xml.bind.v2.runtime.reflect.opt.Injector
16:14:27.736 [Test worker] DEBUG net.thucydides.core.reflection.ClassFinder - Could not load class META-INF.versions.9.com.sun.xml.bind.v2.runtime.reflect.opt.OptimizedAccessorFactory
16:14:27.737 [Test worker] DEBUG net.thucydides.core.reflection.ClassFinder - Could not load class META-INF.versions.9.com.sun.xml.bind.v2.runtime.reflect.opt.OptimizedTransducedAccessorFactory
16:14:27.738 [Test worker] DEBUG net.thucydides.core.reflection.ClassFinder - Could not load class META-INF.versions.9.io.opentelemetry.sdk.internal.CurrentJavaVersionSpecific
16:14:27.739 [Test worker] DEBUG net.thucydides.core.reflection.ClassFinder - Could not load class META-INF.versions.9.io.opentelemetry.sdk.internal.Java9VersionSpecific
16:14:27.740 [Test worker] DEBUG net.thucydides.core.reflection.ClassFinder - Could not load class META-INF.versions.9.javax.xml.bind.ModuleUtil
16:14:27.741 [Test worker] DEBUG net.thucydides.core.reflection.ClassFinder - Could not load class META-INF.versions.9.module-info
16:14:27.743 [Test worker] DEBUG net.thucydides.core.reflection.ClassFinder - Could not load class META-INF.versions.9.org.junit.platform.commons.util.ModuleUtils
16:14:27.746 [Test worker] DEBUG net.thucydides.core.reflection.ClassFinder - Could not load class com.sun.xml.bind.v2.runtime.output.FastInfosetStreamWriterOutput
16:14:27.749 [Test worker] DEBUG net.thucydides.core.reflection.ClassFinder - Could not load class module-info
16:14:27.891 [Forwarding get on session b0ce8d46a5f7dbbffbb869fc2b634a3a to remote] DEBUG org.asynchttpclient.netty.request.NettyRequestSender - Using pooled Channel '[id: 0x7adc0feb, L:/127.0.0.1:51261 - R:localhost/127.0.0.1:61515]' for 'POST' to 'http://localhost:61515/session/b0ce8d46a5f7dbbffbb869fc2b634a3a/url'
16:14:27.892 [Forwarding get on session b0ce8d46a5f7dbbffbb869fc2b634a3a to remote] DEBUG org.asynchttpclient.netty.request.NettyRequestSender - Using open Channel [id: 0x7adc0feb, L:/127.0.0.1:51261 - R:localhost/127.0.0.1:61515] for POST '/session/b0ce8d46a5f7dbbffbb869fc2b634a3a/url'
16:14:28.497 [AsyncHttpClient-1-1] DEBUG org.asynchttpclient.netty.channel.DefaultChannelPool - Entry count for : http://localhost:51262 : 1
16:14:29.603 [AsyncHttpClient-1-1] DEBUG org.asynchttpclient.netty.channel.DefaultChannelPool - Entry count for : http://localhost:51262 : 1
16:14:29.737 [AsyncHttpClient-1-2] DEBUG org.asynchttpclient.netty.handler.HttpHandler - 

Request DefaultHttpRequest(decodeResult: success, version: HTTP/1.1)
POST /session/b0ce8d46a5f7dbbffbb869fc2b634a3a/url HTTP/1.1
User-Agent: selenium/4.1.2 (java windows)
Content-Length: 70
Content-Type: application/json; charset=utf-8
host: localhost:61515
accept: */*

Response DefaultHttpResponse(decodeResult: success, version: HTTP/1.1)
HTTP/1.1 200 OK
Content-Type: application/json; charset=utf-8
cache-control: no-cache
content-length: 14

16:14:29.738 [AsyncHttpClient-1-2] DEBUG org.asynchttpclient.netty.channel.ChannelManager - Adding key: http://localhost:61515 for channel [id: 0x7adc0feb, L:/127.0.0.1:51261 - R:localhost/127.0.0.1:61515]
16:14:29.763 [Forwarding setTimeout on session b0ce8d46a5f7dbbffbb869fc2b634a3a to remote] DEBUG org.asynchttpclient.netty.request.NettyRequestSender - Using pooled Channel '[id: 0x7adc0feb, L:/127.0.0.1:51261 - R:localhost/127.0.0.1:61515]' for 'POST' to 'http://localhost:61515/session/b0ce8d46a5f7dbbffbb869fc2b634a3a/timeouts'
16:14:29.763 [Forwarding setTimeout on session b0ce8d46a5f7dbbffbb869fc2b634a3a to remote] DEBUG org.asynchttpclient.netty.request.NettyRequestSender - Using open Channel [id: 0x7adc0feb, L:/127.0.0.1:51261 - R:localhost/127.0.0.1:61515] for POST '/session/b0ce8d46a5f7dbbffbb869fc2b634a3a/timeouts'
16:14:29.767 [AsyncHttpClient-1-2] DEBUG org.asynchttpclient.netty.handler.HttpHandler - 

Request DefaultHttpRequest(decodeResult: success, version: HTTP/1.1)
POST /session/b0ce8d46a5f7dbbffbb869fc2b634a3a/timeouts HTTP/1.1
User-Agent: selenium/4.1.2 (java windows)
Content-Length: 22
Content-Type: application/json; charset=utf-8
host: localhost:61515
accept: */*

Response DefaultHttpResponse(decodeResult: success, version: HTTP/1.1)
HTTP/1.1 200 OK
Content-Type: application/json; charset=utf-8
cache-control: no-cache
content-length: 14

16:14:29.768 [AsyncHttpClient-1-2] DEBUG org.asynchttpclient.netty.channel.ChannelManager - Adding key: http://localhost:61515 for channel [id: 0x7adc0feb, L:/127.0.0.1:51261 - R:localhost/127.0.0.1:61515]
16:14:29.840 [Forwarding getCurrentUrl on session b0ce8d46a5f7dbbffbb869fc2b634a3a to remote] DEBUG org.asynchttpclient.netty.request.NettyRequestSender - Using pooled Channel '[id: 0x7adc0feb, L:/127.0.0.1:51261 - R:localhost/127.0.0.1:61515]' for 'GET' to 'http://localhost:61515/session/b0ce8d46a5f7dbbffbb869fc2b634a3a/url'
16:14:29.841 [Forwarding getCurrentUrl on session b0ce8d46a5f7dbbffbb869fc2b634a3a to remote] DEBUG org.asynchttpclient.netty.request.NettyRequestSender - Using open Channel [id: 0x7adc0feb, L:/127.0.0.1:51261 - R:localhost/127.0.0.1:61515] for GET '/session/b0ce8d46a5f7dbbffbb869fc2b634a3a/url'
16:14:29.926 [AsyncHttpClient-1-2] DEBUG org.asynchttpclient.netty.handler.HttpHandler - 

Request DefaultFullHttpRequest(decodeResult: success, version: HTTP/1.1, content: EmptyByteBufBE)
GET /session/b0ce8d46a5f7dbbffbb869fc2b634a3a/url HTTP/1.1
User-Agent: selenium/4.1.2 (java windows)
Cache-Control: no-cache
Content-Type: application/json; charset=utf-8
host: localhost:61515
accept: */*

Response DefaultHttpResponse(decodeResult: success, version: HTTP/1.1)
HTTP/1.1 200 OK
Content-Type: application/json; charset=utf-8
cache-control: no-cache
content-length: 52

16:14:29.927 [AsyncHttpClient-1-2] DEBUG org.asynchttpclient.netty.channel.ChannelManager - Adding key: http://localhost:61515 for channel [id: 0x7adc0feb, L:/127.0.0.1:51261 - R:localhost/127.0.0.1:61515]
16:14:30.031 [Forwarding getCurrentUrl on session b0ce8d46a5f7dbbffbb869fc2b634a3a to remote] DEBUG org.asynchttpclient.netty.request.NettyRequestSender - Using pooled Channel '[id: 0x7adc0feb, L:/127.0.0.1:51261 - R:localhost/127.0.0.1:61515]' for 'GET' to 'http://localhost:61515/session/b0ce8d46a5f7dbbffbb869fc2b634a3a/url'
16:14:30.031 [Forwarding getCurrentUrl on session b0ce8d46a5f7dbbffbb869fc2b634a3a to remote] DEBUG org.asynchttpclient.netty.request.NettyRequestSender - Using open Channel [id: 0x7adc0feb, L:/127.0.0.1:51261 - R:localhost/127.0.0.1:61515] for GET '/session/b0ce8d46a5f7dbbffbb869fc2b634a3a/url'
16:14:30.036 [AsyncHttpClient-1-2] DEBUG org.asynchttpclient.netty.handler.HttpHandler - 

Request DefaultFullHttpRequest(decodeResult: success, version: HTTP/1.1, content: EmptyByteBufBE)
GET /session/b0ce8d46a5f7dbbffbb869fc2b634a3a/url HTTP/1.1
User-Agent: selenium/4.1.2 (java windows)
Cache-Control: no-cache
Content-Type: application/json; charset=utf-8
host: localhost:61515
accept: */*

Response DefaultHttpResponse(decodeResult: success, version: HTTP/1.1)
HTTP/1.1 200 OK
Content-Type: application/json; charset=utf-8
cache-control: no-cache
content-length: 52

16:14:30.037 [AsyncHttpClient-1-2] DEBUG org.asynchttpclient.netty.channel.ChannelManager - Adding key: http://localhost:61515 for channel [id: 0x7adc0feb, L:/127.0.0.1:51261 - R:localhost/127.0.0.1:61515]
16:14:30.093 [Test worker] DEBUG net.serenitybdd.core.photography.Darkroom - Opening darkroom
16:14:30.093 [Darkroom Processing Line] DEBUG net.serenitybdd.core.photography.DarkroomProcessingLine - Darkroom processing line starting up
16:14:30.095 [Forwarding screenshot on session b0ce8d46a5f7dbbffbb869fc2b634a3a to remote] DEBUG org.asynchttpclient.netty.request.NettyRequestSender - Using pooled Channel '[id: 0x7adc0feb, L:/127.0.0.1:51261 - R:localhost/127.0.0.1:61515]' for 'GET' to 'http://localhost:61515/session/b0ce8d46a5f7dbbffbb869fc2b634a3a/screenshot'
16:14:30.095 [Forwarding screenshot on session b0ce8d46a5f7dbbffbb869fc2b634a3a to remote] DEBUG org.asynchttpclient.netty.request.NettyRequestSender - Using open Channel [id: 0x7adc0feb, L:/127.0.0.1:51261 - R:localhost/127.0.0.1:61515] for GET '/session/b0ce8d46a5f7dbbffbb869fc2b634a3a/screenshot'
16:14:30.697 [AsyncHttpClient-1-1] DEBUG org.asynchttpclient.netty.channel.DefaultChannelPool - Entry count for : http://localhost:51262 : 1
16:14:31.408 [AsyncHttpClient-1-2] DEBUG org.asynchttpclient.netty.handler.HttpHandler - 

Request DefaultFullHttpRequest(decodeResult: success, version: HTTP/1.1, content: EmptyByteBufBE)
GET /session/b0ce8d46a5f7dbbffbb869fc2b634a3a/screenshot HTTP/1.1
User-Agent: selenium/4.1.2 (java windows)
Cache-Control: no-cache
Content-Type: application/json; charset=utf-8
host: localhost:61515
accept: */*

Response DefaultHttpResponse(decodeResult: success, version: HTTP/1.1)
HTTP/1.1 200 OK
Content-Type: application/json; charset=utf-8
cache-control: no-cache
content-length: 3066412

16:14:31.439 [AsyncHttpClient-1-2] DEBUG org.asynchttpclient.netty.channel.ChannelManager - Adding key: http://localhost:61515 for channel [id: 0x7adc0feb, L:/127.0.0.1:51261 - R:localhost/127.0.0.1:61515]
16:14:31.797 [AsyncHttpClient-1-1] DEBUG org.asynchttpclient.netty.channel.DefaultChannelPool - Entry count for : http://localhost:51262 : 1
16:14:31.797 [AsyncHttpClient-1-1] DEBUG org.asynchttpclient.netty.channel.DefaultChannelPool - Entry count for : http://localhost:61515 : 1
16:14:32.901 [AsyncHttpClient-1-1] DEBUG org.asynchttpclient.netty.channel.DefaultChannelPool - Entry count for : http://localhost:51262 : 1
16:14:32.901 [AsyncHttpClient-1-1] DEBUG org.asynchttpclient.netty.channel.DefaultChannelPool - Entry count for : http://localhost:61515 : 1
16:14:33.979 [Test worker] DEBUG net.serenitybdd.core.photography.Darkroom - Send negative for processing for C:\Users\user\IdeaProjects\pruebaAutomatizacion\target\site\serenity\8dc012659563b3d025082c0085faef483cbd7f3b47808516071e8ee3ba2e527d.png
16:14:33.997 [AsyncHttpClient-1-1] DEBUG org.asynchttpclient.netty.channel.DefaultChannelPool - Entry count for : http://localhost:51262 : 1
16:14:33.997 [AsyncHttpClient-1-1] DEBUG org.asynchttpclient.netty.channel.DefaultChannelPool - Entry count for : http://localhost:61515 : 1
16:14:34.003 [Test worker] DEBUG net.thucydides.core.steps.StepInterceptor - STEP DONE: {0} opens the #targetPage
  ?[32mGiven ?[0m?[32mthe actor is on the CURA website?[0m                      ?[90m# com.herokuapp.stepDefinitions.LoginStepDefinition.theActorIsOnTheCURAWebsite()?[0m
16:14:34.047 [Forwarding screenshot on session b0ce8d46a5f7dbbffbb869fc2b634a3a to remote] DEBUG org.asynchttpclient.netty.request.NettyRequestSender - Using pooled Channel '[id: 0x7adc0feb, L:/127.0.0.1:51261 - R:localhost/127.0.0.1:61515]' for 'GET' to 'http://localhost:61515/session/b0ce8d46a5f7dbbffbb869fc2b634a3a/screenshot'
16:14:34.048 [Forwarding screenshot on session b0ce8d46a5f7dbbffbb869fc2b634a3a to remote] DEBUG org.asynchttpclient.netty.request.NettyRequestSender - Using open Channel [id: 0x7adc0feb, L:/127.0.0.1:51261 - R:localhost/127.0.0.1:61515] for GET '/session/b0ce8d46a5f7dbbffbb869fc2b634a3a/screenshot'
16:14:35.100 [AsyncHttpClient-1-1] DEBUG org.asynchttpclient.netty.channel.DefaultChannelPool - Entry count for : http://localhost:51262 : 1
16:14:35.135 [AsyncHttpClient-1-2] DEBUG org.asynchttpclient.netty.handler.HttpHandler - 

Request DefaultFullHttpRequest(decodeResult: success, version: HTTP/1.1, content: EmptyByteBufBE)
GET /session/b0ce8d46a5f7dbbffbb869fc2b634a3a/screenshot HTTP/1.1
User-Agent: selenium/4.1.2 (java windows)
Cache-Control: no-cache
Content-Type: application/json; charset=utf-8
host: localhost:61515
accept: */*

Response DefaultHttpResponse(decodeResult: success, version: HTTP/1.1)
HTTP/1.1 200 OK
Content-Type: application/json; charset=utf-8
cache-control: no-cache
content-length: 3066412

16:14:35.161 [AsyncHttpClient-1-2] DEBUG org.asynchttpclient.netty.channel.ChannelManager - Adding key: http://localhost:61515 for channel [id: 0x7adc0feb, L:/127.0.0.1:51261 - R:localhost/127.0.0.1:61515]
16:14:35.286 [Test worker] DEBUG net.serenitybdd.core.photography.Darkroom - Send negative for processing for C:\Users\user\IdeaProjects\pruebaAutomatizacion\target\site\serenity\8dc012659563b3d025082c0085faef483cbd7f3b47808516071e8ee3ba2e527d.png
16:14:35.386 [Forwarding screenshot on session b0ce8d46a5f7dbbffbb869fc2b634a3a to remote] DEBUG org.asynchttpclient.netty.request.NettyRequestSender - Using pooled Channel '[id: 0x7adc0feb, L:/127.0.0.1:51261 - R:localhost/127.0.0.1:61515]' for 'GET' to 'http://localhost:61515/session/b0ce8d46a5f7dbbffbb869fc2b634a3a/screenshot'
16:14:35.388 [Forwarding screenshot on session b0ce8d46a5f7dbbffbb869fc2b634a3a to remote] DEBUG org.asynchttpclient.netty.request.NettyRequestSender - Using open Channel [id: 0x7adc0feb, L:/127.0.0.1:51261 - R:localhost/127.0.0.1:61515] for GET '/session/b0ce8d46a5f7dbbffbb869fc2b634a3a/screenshot'
16:14:36.207 [AsyncHttpClient-1-1] DEBUG org.asynchttpclient.netty.channel.DefaultChannelPool - Entry count for : http://localhost:51262 : 1
16:14:36.527 [AsyncHttpClient-1-2] DEBUG org.asynchttpclient.netty.handler.HttpHandler - 

Request DefaultFullHttpRequest(decodeResult: success, version: HTTP/1.1, content: EmptyByteBufBE)
GET /session/b0ce8d46a5f7dbbffbb869fc2b634a3a/screenshot HTTP/1.1
User-Agent: selenium/4.1.2 (java windows)
Cache-Control: no-cache
Content-Type: application/json; charset=utf-8
host: localhost:61515
accept: */*

Response DefaultHttpResponse(decodeResult: success, version: HTTP/1.1)
HTTP/1.1 200 OK
Content-Type: application/json; charset=utf-8
cache-control: no-cache
content-length: 3066412

16:14:36.541 [AsyncHttpClient-1-2] DEBUG org.asynchttpclient.netty.channel.ChannelManager - Adding key: http://localhost:61515 for channel [id: 0x7adc0feb, L:/127.0.0.1:51261 - R:localhost/127.0.0.1:61515]
16:14:36.637 [Test worker] DEBUG net.serenitybdd.core.photography.Darkroom - Send negative for processing for C:\Users\user\IdeaProjects\pruebaAutomatizacion\target\site\serenity\8dc012659563b3d025082c0085faef483cbd7f3b47808516071e8ee3ba2e527d.png
16:14:36.639 [Test worker] DEBUG net.thucydides.core.steps.StepInterceptor - STARTING STEP: LoginStepDefinition.theActorIsLogInAndCompletesTheAppointmentForm - performAs
16:14:36.789 [Forwarding screenshot on session b0ce8d46a5f7dbbffbb869fc2b634a3a to remote] DEBUG org.asynchttpclient.netty.request.NettyRequestSender - Using pooled Channel '[id: 0x7adc0feb, L:/127.0.0.1:51261 - R:localhost/127.0.0.1:61515]' for 'GET' to 'http://localhost:61515/session/b0ce8d46a5f7dbbffbb869fc2b634a3a/screenshot'
16:14:36.789 [Forwarding screenshot on session b0ce8d46a5f7dbbffbb869fc2b634a3a to remote] DEBUG org.asynchttpclient.netty.request.NettyRequestSender - Using open Channel [id: 0x7adc0feb, L:/127.0.0.1:51261 - R:localhost/127.0.0.1:61515] for GET '/session/b0ce8d46a5f7dbbffbb869fc2b634a3a/screenshot'
16:14:37.299 [AsyncHttpClient-1-1] DEBUG org.asynchttpclient.netty.channel.DefaultChannelPool - Entry count for : http://localhost:51262 : 1
16:14:37.917 [AsyncHttpClient-1-2] DEBUG org.asynchttpclient.netty.handler.HttpHandler - 

Request DefaultFullHttpRequest(decodeResult: success, version: HTTP/1.1, content: EmptyByteBufBE)
GET /session/b0ce8d46a5f7dbbffbb869fc2b634a3a/screenshot HTTP/1.1
User-Agent: selenium/4.1.2 (java windows)
Cache-Control: no-cache
Content-Type: application/json; charset=utf-8
host: localhost:61515
accept: */*

Response DefaultHttpResponse(decodeResult: success, version: HTTP/1.1)
HTTP/1.1 200 OK
Content-Type: application/json; charset=utf-8
cache-control: no-cache
content-length: 3066412

16:14:37.932 [AsyncHttpClient-1-2] DEBUG org.asynchttpclient.netty.channel.ChannelManager - Adding key: http://localhost:61515 for channel [id: 0x7adc0feb, L:/127.0.0.1:51261 - R:localhost/127.0.0.1:61515]
16:14:38.036 [Test worker] DEBUG net.serenitybdd.core.photography.Darkroom - Send negative for processing for C:\Users\user\IdeaProjects\pruebaAutomatizacion\target\site\serenity\8dc012659563b3d025082c0085faef483cbd7f3b47808516071e8ee3ba2e527d.png
16:14:38.037 [Test worker] DEBUG net.thucydides.core.steps.StepInterceptor - STARTING STEP: Login.performAs - {0} clicks on #target
16:14:38.040 [Test worker] DEBUG net.serenitybdd.screenplay.targets.IFrameSwitcher - default content already selected for button make appointment
16:14:38.402 [AsyncHttpClient-1-1] DEBUG org.asynchttpclient.netty.channel.DefaultChannelPool - Entry count for : http://localhost:51262 : 1
16:14:38.402 [AsyncHttpClient-1-1] DEBUG org.asynchttpclient.netty.channel.DefaultChannelPool - Entry count for : http://localhost:61515 : 1
16:14:39.295 [Forwarding findElement on session b0ce8d46a5f7dbbffbb869fc2b634a3a to remote] DEBUG org.asynchttpclient.netty.request.NettyRequestSender - Using pooled Channel '[id: 0x7adc0feb, L:/127.0.0.1:51261 - R:localhost/127.0.0.1:61515]' for 'POST' to 'http://localhost:61515/session/b0ce8d46a5f7dbbffbb869fc2b634a3a/element'
16:14:39.296 [Forwarding findElement on session b0ce8d46a5f7dbbffbb869fc2b634a3a to remote] DEBUG org.asynchttpclient.netty.request.NettyRequestSender - Using open Channel [id: 0x7adc0feb, L:/127.0.0.1:51261 - R:localhost/127.0.0.1:61515] for POST '/session/b0ce8d46a5f7dbbffbb869fc2b634a3a/element'
16:14:39.355 [AsyncHttpClient-1-2] DEBUG org.asynchttpclient.netty.handler.HttpHandler - 

Request DefaultHttpRequest(decodeResult: success, version: HTTP/1.1)
POST /session/b0ce8d46a5f7dbbffbb869fc2b634a3a/element HTTP/1.1
User-Agent: selenium/4.1.2 (java windows)
Content-Length: 80
Content-Type: application/json; charset=utf-8
host: localhost:61515
accept: */*

Response DefaultHttpResponse(decodeResult: success, version: HTTP/1.1)
HTTP/1.1 200 OK
Content-Type: application/json; charset=utf-8
cache-control: no-cache
content-length: 88

16:14:39.356 [AsyncHttpClient-1-2] DEBUG org.asynchttpclient.netty.channel.ChannelManager - Adding key: http://localhost:61515 for channel [id: 0x7adc0feb, L:/127.0.0.1:51261 - R:localhost/127.0.0.1:61515]
16:14:39.398 [Forwarding isElementDisplayed on session b0ce8d46a5f7dbbffbb869fc2b634a3a to remote] DEBUG org.asynchttpclient.netty.request.NettyRequestSender - Using pooled Channel '[id: 0x7adc0feb, L:/127.0.0.1:51261 - R:localhost/127.0.0.1:61515]' for 'POST' to 'http://localhost:61515/session/b0ce8d46a5f7dbbffbb869fc2b634a3a/execute/sync'
16:14:39.398 [Forwarding isElementDisplayed on session b0ce8d46a5f7dbbffbb869fc2b634a3a to remote] DEBUG org.asynchttpclient.netty.request.NettyRequestSender - Using open Channel [id: 0x7adc0feb, L:/127.0.0.1:51261 - R:localhost/127.0.0.1:61515] for POST '/session/b0ce8d46a5f7dbbffbb869fc2b634a3a/execute/sync'
16:14:39.452 [AsyncHttpClient-1-2] DEBUG org.asynchttpclient.netty.handler.HttpHandler - 

Request DefaultHttpRequest(decodeResult: success, version: HTTP/1.1)
POST /session/b0ce8d46a5f7dbbffbb869fc2b634a3a/execute/sync HTTP/1.1
User-Agent: selenium/4.1.2 (java windows)
Content-Length: 48780
Content-Type: application/json; charset=utf-8
host: localhost:61515
accept: */*

Response DefaultHttpResponse(decodeResult: success, version: HTTP/1.1)
HTTP/1.1 200 OK
Content-Type: application/json; charset=utf-8
cache-control: no-cache
content-length: 14

16:14:39.452 [AsyncHttpClient-1-2] DEBUG org.asynchttpclient.netty.channel.ChannelManager - Adding key: http://localhost:61515 for channel [id: 0x7adc0feb, L:/127.0.0.1:51261 - R:localhost/127.0.0.1:61515]
16:14:39.497 [AsyncHttpClient-1-1] DEBUG org.asynchttpclient.netty.channel.DefaultChannelPool - Entry count for : http://localhost:51262 : 1
16:14:39.497 [AsyncHttpClient-1-1] DEBUG org.asynchttpclient.netty.channel.DefaultChannelPool - Entry count for : http://localhost:61515 : 1
16:14:39.503 [Forwarding findElement on session b0ce8d46a5f7dbbffbb869fc2b634a3a to remote] DEBUG org.asynchttpclient.netty.request.NettyRequestSender - Using pooled Channel '[id: 0x7adc0feb, L:/127.0.0.1:51261 - R:localhost/127.0.0.1:61515]' for 'POST' to 'http://localhost:61515/session/b0ce8d46a5f7dbbffbb869fc2b634a3a/element'
16:14:39.503 [Forwarding findElement on session b0ce8d46a5f7dbbffbb869fc2b634a3a to remote] DEBUG org.asynchttpclient.netty.request.NettyRequestSender - Using open Channel [id: 0x7adc0feb, L:/127.0.0.1:51261 - R:localhost/127.0.0.1:61515] for POST '/session/b0ce8d46a5f7dbbffbb869fc2b634a3a/element'
16:14:39.512 [AsyncHttpClient-1-2] DEBUG org.asynchttpclient.netty.handler.HttpHandler - 

Request DefaultHttpRequest(decodeResult: success, version: HTTP/1.1)
POST /session/b0ce8d46a5f7dbbffbb869fc2b634a3a/element HTTP/1.1
User-Agent: selenium/4.1.2 (java windows)
Content-Length: 80
Content-Type: application/json; charset=utf-8
host: localhost:61515
accept: */*

Response DefaultHttpResponse(decodeResult: success, version: HTTP/1.1)
HTTP/1.1 200 OK
Content-Type: application/json; charset=utf-8
cache-control: no-cache
content-length: 88

16:14:39.512 [AsyncHttpClient-1-2] DEBUG org.asynchttpclient.netty.channel.ChannelManager - Adding key: http://localhost:61515 for channel [id: 0x7adc0feb, L:/127.0.0.1:51261 - R:localhost/127.0.0.1:61515]
16:14:39.516 [Forwarding clickElement on session b0ce8d46a5f7dbbffbb869fc2b634a3a to remote] DEBUG org.asynchttpclient.netty.request.NettyRequestSender - Using pooled Channel '[id: 0x7adc0feb, L:/127.0.0.1:51261 - R:localhost/127.0.0.1:61515]' for 'POST' to 'http://localhost:61515/session/b0ce8d46a5f7dbbffbb869fc2b634a3a/element/f2ac3c93-ce3b-4324-944f-6d93384bb1e9/click'
16:14:39.517 [Forwarding clickElement on session b0ce8d46a5f7dbbffbb869fc2b634a3a to remote] DEBUG org.asynchttpclient.netty.request.NettyRequestSender - Using open Channel [id: 0x7adc0feb, L:/127.0.0.1:51261 - R:localhost/127.0.0.1:61515] for POST '/session/b0ce8d46a5f7dbbffbb869fc2b634a3a/element/f2ac3c93-ce3b-4324-944f-6d93384bb1e9/click'
16:14:40.480 [AsyncHttpClient-1-2] DEBUG org.asynchttpclient.netty.handler.HttpHandler - 

Request DefaultHttpRequest(decodeResult: success, version: HTTP/1.1)
POST /session/b0ce8d46a5f7dbbffbb869fc2b634a3a/element/f2ac3c93-ce3b-4324-944f-6d93384bb1e9/click HTTP/1.1
User-Agent: selenium/4.1.2 (java windows)
Content-Length: 50
Content-Type: application/json; charset=utf-8
host: localhost:61515
accept: */*

Response DefaultHttpResponse(decodeResult: success, version: HTTP/1.1)
HTTP/1.1 200 OK
Content-Type: application/json; charset=utf-8
cache-control: no-cache
content-length: 14

16:14:40.481 [AsyncHttpClient-1-2] DEBUG org.asynchttpclient.netty.channel.ChannelManager - Adding key: http://localhost:61515 for channel [id: 0x7adc0feb, L:/127.0.0.1:51261 - R:localhost/127.0.0.1:61515]
16:14:40.524 [Forwarding screenshot on session b0ce8d46a5f7dbbffbb869fc2b634a3a to remote] DEBUG org.asynchttpclient.netty.request.NettyRequestSender - Using pooled Channel '[id: 0x7adc0feb, L:/127.0.0.1:51261 - R:localhost/127.0.0.1:61515]' for 'GET' to 'http://localhost:61515/session/b0ce8d46a5f7dbbffbb869fc2b634a3a/screenshot'
16:14:40.524 [Forwarding screenshot on session b0ce8d46a5f7dbbffbb869fc2b634a3a to remote] DEBUG org.asynchttpclient.netty.request.NettyRequestSender - Using open Channel [id: 0x7adc0feb, L:/127.0.0.1:51261 - R:localhost/127.0.0.1:61515] for GET '/session/b0ce8d46a5f7dbbffbb869fc2b634a3a/screenshot'
16:14:40.599 [AsyncHttpClient-1-1] DEBUG org.asynchttpclient.netty.channel.DefaultChannelPool - Entry count for : http://localhost:51262 : 1
16:14:41.702 [AsyncHttpClient-1-1] DEBUG org.asynchttpclient.netty.channel.DefaultChannelPool - Entry count for : http://localhost:51262 : 1
16:14:42.377 [AsyncHttpClient-1-2] DEBUG org.asynchttpclient.netty.handler.HttpHandler - 

Request DefaultFullHttpRequest(decodeResult: success, version: HTTP/1.1, content: EmptyByteBufBE)
GET /session/b0ce8d46a5f7dbbffbb869fc2b634a3a/screenshot HTTP/1.1
User-Agent: selenium/4.1.2 (java windows)
Cache-Control: no-cache
Content-Type: application/json; charset=utf-8
host: localhost:61515
accept: */*

Response DefaultHttpResponse(decodeResult: success, version: HTTP/1.1)
HTTP/1.1 200 OK
Content-Type: application/json; charset=utf-8
cache-control: no-cache
content-length: 21212

16:14:42.378 [AsyncHttpClient-1-2] DEBUG org.asynchttpclient.netty.channel.ChannelManager - Adding key: http://localhost:61515 for channel [id: 0x7adc0feb, L:/127.0.0.1:51261 - R:localhost/127.0.0.1:61515]
16:14:42.380 [Test worker] DEBUG net.serenitybdd.core.photography.Darkroom - Send negative for processing for C:\Users\user\IdeaProjects\pruebaAutomatizacion\target\site\serenity\3bde6f6f86353c342f7e506114d45988c4566a8dc225396c95b7678a7e7992c9.png
16:14:42.404 [Test worker] DEBUG net.thucydides.core.steps.StepInterceptor - STEP DONE: {0} clicks on #target
16:14:42.426 [Test worker] DEBUG net.thucydides.core.steps.StepInterceptor - STARTING STEP: Login.performAs - {0} enters #theTextAsAString into #target
16:14:42.442 [Test worker] DEBUG net.serenitybdd.screenplay.targets.IFrameSwitcher - default content already selected for username text
16:14:42.464 [Forwarding findElement on session b0ce8d46a5f7dbbffbb869fc2b634a3a to remote] DEBUG org.asynchttpclient.netty.request.NettyRequestSender - Using pooled Channel '[id: 0x7adc0feb, L:/127.0.0.1:51261 - R:localhost/127.0.0.1:61515]' for 'POST' to 'http://localhost:61515/session/b0ce8d46a5f7dbbffbb869fc2b634a3a/element'
16:14:42.464 [Forwarding findElement on session b0ce8d46a5f7dbbffbb869fc2b634a3a to remote] DEBUG org.asynchttpclient.netty.request.NettyRequestSender - Using open Channel [id: 0x7adc0feb, L:/127.0.0.1:51261 - R:localhost/127.0.0.1:61515] for POST '/session/b0ce8d46a5f7dbbffbb869fc2b634a3a/element'
16:14:42.478 [AsyncHttpClient-1-2] DEBUG org.asynchttpclient.netty.handler.HttpHandler - 

Request DefaultHttpRequest(decodeResult: success, version: HTTP/1.1)
POST /session/b0ce8d46a5f7dbbffbb869fc2b634a3a/element HTTP/1.1
User-Agent: selenium/4.1.2 (java windows)
Content-Length: 72
Content-Type: application/json; charset=utf-8
host: localhost:61515
accept: */*

Response DefaultHttpResponse(decodeResult: success, version: HTTP/1.1)
HTTP/1.1 200 OK
Content-Type: application/json; charset=utf-8
cache-control: no-cache
content-length: 88

16:14:42.479 [AsyncHttpClient-1-2] DEBUG org.asynchttpclient.netty.channel.ChannelManager - Adding key: http://localhost:61515 for channel [id: 0x7adc0feb, L:/127.0.0.1:51261 - R:localhost/127.0.0.1:61515]
16:14:42.485 [Forwarding sendKeysToElement on session b0ce8d46a5f7dbbffbb869fc2b634a3a to remote] DEBUG org.asynchttpclient.netty.request.NettyRequestSender - Using pooled Channel '[id: 0x7adc0feb, L:/127.0.0.1:51261 - R:localhost/127.0.0.1:61515]' for 'POST' to 'http://localhost:61515/session/b0ce8d46a5f7dbbffbb869fc2b634a3a/element/4396c82d-92c7-4fa9-9330-9b1aaaf5ee4f/value'
16:14:42.485 [Forwarding sendKeysToElement on session b0ce8d46a5f7dbbffbb869fc2b634a3a to remote] DEBUG org.asynchttpclient.netty.request.NettyRequestSender - Using open Channel [id: 0x7adc0feb, L:/127.0.0.1:51261 - R:localhost/127.0.0.1:61515] for POST '/session/b0ce8d46a5f7dbbffbb869fc2b634a3a/element/4396c82d-92c7-4fa9-9330-9b1aaaf5ee4f/value'
16:14:42.802 [AsyncHttpClient-1-1] DEBUG org.asynchttpclient.netty.channel.DefaultChannelPool - Entry count for : http://localhost:51262 : 1
16:14:42.949 [AsyncHttpClient-1-2] DEBUG org.asynchttpclient.netty.handler.HttpHandler - 

Request DefaultHttpRequest(decodeResult: success, version: HTTP/1.1)
POST /session/b0ce8d46a5f7dbbffbb869fc2b634a3a/element/4396c82d-92c7-4fa9-9330-9b1aaaf5ee4f/value HTTP/1.1
User-Agent: selenium/4.1.2 (java windows)
Content-Length: 161
Content-Type: application/json; charset=utf-8
host: localhost:61515
accept: */*

Response DefaultHttpResponse(decodeResult: success, version: HTTP/1.1)
HTTP/1.1 200 OK
Content-Type: application/json; charset=utf-8
cache-control: no-cache
content-length: 14

16:14:42.950 [AsyncHttpClient-1-2] DEBUG org.asynchttpclient.netty.channel.ChannelManager - Adding key: http://localhost:61515 for channel [id: 0x7adc0feb, L:/127.0.0.1:51261 - R:localhost/127.0.0.1:61515]
16:14:42.985 [Forwarding screenshot on session b0ce8d46a5f7dbbffbb869fc2b634a3a to remote] DEBUG org.asynchttpclient.netty.request.NettyRequestSender - Using pooled Channel '[id: 0x7adc0feb, L:/127.0.0.1:51261 - R:localhost/127.0.0.1:61515]' for 'GET' to 'http://localhost:61515/session/b0ce8d46a5f7dbbffbb869fc2b634a3a/screenshot'
16:14:42.985 [Forwarding screenshot on session b0ce8d46a5f7dbbffbb869fc2b634a3a to remote] DEBUG org.asynchttpclient.netty.request.NettyRequestSender - Using open Channel [id: 0x7adc0feb, L:/127.0.0.1:51261 - R:localhost/127.0.0.1:61515] for GET '/session/b0ce8d46a5f7dbbffbb869fc2b634a3a/screenshot'
16:14:43.352 [AsyncHttpClient-1-2] DEBUG org.asynchttpclient.netty.handler.HttpHandler - 

Request DefaultFullHttpRequest(decodeResult: success, version: HTTP/1.1, content: EmptyByteBufBE)
GET /session/b0ce8d46a5f7dbbffbb869fc2b634a3a/screenshot HTTP/1.1
User-Agent: selenium/4.1.2 (java windows)
Cache-Control: no-cache
Content-Type: application/json; charset=utf-8
host: localhost:61515
accept: */*

Response DefaultHttpResponse(decodeResult: success, version: HTTP/1.1)
HTTP/1.1 200 OK
Content-Type: application/json; charset=utf-8
cache-control: no-cache
content-length: 24060

16:14:43.353 [AsyncHttpClient-1-2] DEBUG org.asynchttpclient.netty.channel.ChannelManager - Adding key: http://localhost:61515 for channel [id: 0x7adc0feb, L:/127.0.0.1:51261 - R:localhost/127.0.0.1:61515]
16:14:43.359 [Test worker] DEBUG net.serenitybdd.core.photography.Darkroom - Send negative for processing for C:\Users\user\IdeaProjects\pruebaAutomatizacion\target\site\serenity\2179a4e6cab4be6f44489ed6c893c270e16fd0475d27f562ae9feeaa7e44bed5.png
16:14:43.359 [Test worker] DEBUG net.thucydides.core.steps.StepInterceptor - STEP DONE: {0} enters #theTextAsAString into #target
16:14:43.361 [Darkroom Processing Line] DEBUG net.serenitybdd.core.photography.DarkroomProcessingLine - Processing screenshot image in /var/screenshots/screenshot-16285577258052820069
16:14:43.361 [Darkroom Processing Line] DEBUG net.serenitybdd.core.photography.DarkroomProcessingLine - Saving screenshot to C:\Users\user\IdeaProjects\pruebaAutomatizacion\target\site\serenity\2179a4e6cab4be6f44489ed6c893c270e16fd0475d27f562ae9feeaa7e44bed5.png
16:14:43.389 [Test worker] DEBUG net.thucydides.core.steps.StepInterceptor - STARTING STEP: Login.performAs - {0} enters #theTextAsAString into #target
16:14:43.405 [Test worker] DEBUG net.serenitybdd.screenplay.targets.IFrameSwitcher - default content already selected for password text
16:14:43.446 [Forwarding findElement on session b0ce8d46a5f7dbbffbb869fc2b634a3a to remote] DEBUG org.asynchttpclient.netty.request.NettyRequestSender - Using pooled Channel '[id: 0x7adc0feb, L:/127.0.0.1:51261 - R:localhost/127.0.0.1:61515]' for 'POST' to 'http://localhost:61515/session/b0ce8d46a5f7dbbffbb869fc2b634a3a/element'
16:14:43.446 [Forwarding findElement on session b0ce8d46a5f7dbbffbb869fc2b634a3a to remote] DEBUG org.asynchttpclient.netty.request.NettyRequestSender - Using open Channel [id: 0x7adc0feb, L:/127.0.0.1:51261 - R:localhost/127.0.0.1:61515] for POST '/session/b0ce8d46a5f7dbbffbb869fc2b634a3a/element'
16:14:43.461 [AsyncHttpClient-1-2] DEBUG org.asynchttpclient.netty.handler.HttpHandler - 

Request DefaultHttpRequest(decodeResult: success, version: HTTP/1.1)
POST /session/b0ce8d46a5f7dbbffbb869fc2b634a3a/element HTTP/1.1
User-Agent: selenium/4.1.2 (java windows)
Content-Length: 72
Content-Type: application/json; charset=utf-8
host: localhost:61515
accept: */*

Response DefaultHttpResponse(decodeResult: success, version: HTTP/1.1)
HTTP/1.1 200 OK
Content-Type: application/json; charset=utf-8
cache-control: no-cache
content-length: 88

16:14:43.461 [AsyncHttpClient-1-2] DEBUG org.asynchttpclient.netty.channel.ChannelManager - Adding key: http://localhost:61515 for channel [id: 0x7adc0feb, L:/127.0.0.1:51261 - R:localhost/127.0.0.1:61515]
16:14:43.464 [Forwarding sendKeysToElement on session b0ce8d46a5f7dbbffbb869fc2b634a3a to remote] DEBUG org.asynchttpclient.netty.request.NettyRequestSender - Using pooled Channel '[id: 0x7adc0feb, L:/127.0.0.1:51261 - R:localhost/127.0.0.1:61515]' for 'POST' to 'http://localhost:61515/session/b0ce8d46a5f7dbbffbb869fc2b634a3a/element/dd63574e-6c3f-427a-945e-0179ebd0ff66/value'
16:14:43.464 [Forwarding sendKeysToElement on session b0ce8d46a5f7dbbffbb869fc2b634a3a to remote] DEBUG org.asynchttpclient.netty.request.NettyRequestSender - Using open Channel [id: 0x7adc0feb, L:/127.0.0.1:51261 - R:localhost/127.0.0.1:61515] for POST '/session/b0ce8d46a5f7dbbffbb869fc2b634a3a/element/dd63574e-6c3f-427a-945e-0179ebd0ff66/value'
16:14:43.563 [AsyncHttpClient-1-2] DEBUG org.asynchttpclient.netty.handler.HttpHandler - 

Request DefaultHttpRequest(decodeResult: success, version: HTTP/1.1)
POST /session/b0ce8d46a5f7dbbffbb869fc2b634a3a/element/dd63574e-6c3f-427a-945e-0179ebd0ff66/value HTTP/1.1
User-Agent: selenium/4.1.2 (java windows)
Content-Length: 261
Content-Type: application/json; charset=utf-8
host: localhost:61515
accept: */*

Response DefaultHttpResponse(decodeResult: success, version: HTTP/1.1)
HTTP/1.1 200 OK
Content-Type: application/json; charset=utf-8
cache-control: no-cache
content-length: 14

16:14:43.563 [AsyncHttpClient-1-2] DEBUG org.asynchttpclient.netty.channel.ChannelManager - Adding key: http://localhost:61515 for channel [id: 0x7adc0feb, L:/127.0.0.1:51261 - R:localhost/127.0.0.1:61515]
16:14:43.670 [Forwarding screenshot on session b0ce8d46a5f7dbbffbb869fc2b634a3a to remote] DEBUG org.asynchttpclient.netty.request.NettyRequestSender - Using pooled Channel '[id: 0x7adc0feb, L:/127.0.0.1:51261 - R:localhost/127.0.0.1:61515]' for 'GET' to 'http://localhost:61515/session/b0ce8d46a5f7dbbffbb869fc2b634a3a/screenshot'
16:14:43.671 [Forwarding screenshot on session b0ce8d46a5f7dbbffbb869fc2b634a3a to remote] DEBUG org.asynchttpclient.netty.request.NettyRequestSender - Using open Channel [id: 0x7adc0feb, L:/127.0.0.1:51261 - R:localhost/127.0.0.1:61515] for GET '/session/b0ce8d46a5f7dbbffbb869fc2b634a3a/screenshot'
16:14:43.904 [AsyncHttpClient-1-1] DEBUG org.asynchttpclient.netty.channel.DefaultChannelPool - Entry count for : http://localhost:51262 : 1
16:14:43.981 [AsyncHttpClient-1-2] DEBUG org.asynchttpclient.netty.handler.HttpHandler - 

Request DefaultFullHttpRequest(decodeResult: success, version: HTTP/1.1, content: EmptyByteBufBE)
GET /session/b0ce8d46a5f7dbbffbb869fc2b634a3a/screenshot HTTP/1.1
User-Agent: selenium/4.1.2 (java windows)
Cache-Control: no-cache
Content-Type: application/json; charset=utf-8
host: localhost:61515
accept: */*

Response DefaultHttpResponse(decodeResult: success, version: HTTP/1.1)
HTTP/1.1 200 OK
Content-Type: application/json; charset=utf-8
cache-control: no-cache
content-length: 23684

16:14:43.981 [AsyncHttpClient-1-2] DEBUG org.asynchttpclient.netty.channel.ChannelManager - Adding key: http://localhost:61515 for channel [id: 0x7adc0feb, L:/127.0.0.1:51261 - R:localhost/127.0.0.1:61515]
16:14:43.984 [Test worker] DEBUG net.serenitybdd.core.photography.Darkroom - Send negative for processing for C:\Users\user\IdeaProjects\pruebaAutomatizacion\target\site\serenity\b92a67a9e01c39171a9e760c3f387f5730cdf8a3134004f03fd92729e4647f06.png
16:14:43.984 [Test worker] DEBUG net.thucydides.core.steps.StepInterceptor - STEP DONE: {0} enters #theTextAsAString into #target
16:14:43.989 [Darkroom Processing Line] DEBUG net.serenitybdd.core.photography.DarkroomProcessingLine - Processing screenshot image in /var/screenshots/screenshot-241831059554804212
16:14:43.989 [Darkroom Processing Line] DEBUG net.serenitybdd.core.photography.DarkroomProcessingLine - Saving screenshot to C:\Users\user\IdeaProjects\pruebaAutomatizacion\target\site\serenity\b92a67a9e01c39171a9e760c3f387f5730cdf8a3134004f03fd92729e4647f06.png
16:14:44.016 [Test worker] DEBUG net.thucydides.core.steps.StepInterceptor - STARTING STEP: Login.performAs - {0} clicks on #target
16:14:44.017 [Test worker] DEBUG net.serenitybdd.screenplay.targets.IFrameSwitcher - default content already selected for login button
16:14:44.096 [Forwarding findElement on session b0ce8d46a5f7dbbffbb869fc2b634a3a to remote] DEBUG org.asynchttpclient.netty.request.NettyRequestSender - Using pooled Channel '[id: 0x7adc0feb, L:/127.0.0.1:51261 - R:localhost/127.0.0.1:61515]' for 'POST' to 'http://localhost:61515/session/b0ce8d46a5f7dbbffbb869fc2b634a3a/element'
16:14:44.097 [Forwarding findElement on session b0ce8d46a5f7dbbffbb869fc2b634a3a to remote] DEBUG org.asynchttpclient.netty.request.NettyRequestSender - Using open Channel [id: 0x7adc0feb, L:/127.0.0.1:51261 - R:localhost/127.0.0.1:61515] for POST '/session/b0ce8d46a5f7dbbffbb869fc2b634a3a/element'
16:14:44.110 [AsyncHttpClient-1-2] DEBUG org.asynchttpclient.netty.handler.HttpHandler - 

Request DefaultHttpRequest(decodeResult: success, version: HTTP/1.1)
POST /session/b0ce8d46a5f7dbbffbb869fc2b634a3a/element HTTP/1.1
User-Agent: selenium/4.1.2 (java windows)
Content-Length: 69
Content-Type: application/json; charset=utf-8
host: localhost:61515
accept: */*

Response DefaultHttpResponse(decodeResult: success, version: HTTP/1.1)
HTTP/1.1 200 OK
Content-Type: application/json; charset=utf-8
cache-control: no-cache
content-length: 88

16:14:44.111 [AsyncHttpClient-1-2] DEBUG org.asynchttpclient.netty.channel.ChannelManager - Adding key: http://localhost:61515 for channel [id: 0x7adc0feb, L:/127.0.0.1:51261 - R:localhost/127.0.0.1:61515]
16:14:44.139 [Forwarding isElementDisplayed on session b0ce8d46a5f7dbbffbb869fc2b634a3a to remote] DEBUG org.asynchttpclient.netty.request.NettyRequestSender - Using pooled Channel '[id: 0x7adc0feb, L:/127.0.0.1:51261 - R:localhost/127.0.0.1:61515]' for 'POST' to 'http://localhost:61515/session/b0ce8d46a5f7dbbffbb869fc2b634a3a/execute/sync'
16:14:44.139 [Forwarding isElementDisplayed on session b0ce8d46a5f7dbbffbb869fc2b634a3a to remote] DEBUG org.asynchttpclient.netty.request.NettyRequestSender - Using open Channel [id: 0x7adc0feb, L:/127.0.0.1:51261 - R:localhost/127.0.0.1:61515] for POST '/session/b0ce8d46a5f7dbbffbb869fc2b634a3a/execute/sync'
16:14:44.160 [AsyncHttpClient-1-2] DEBUG org.asynchttpclient.netty.handler.HttpHandler - 

Request DefaultHttpRequest(decodeResult: success, version: HTTP/1.1)
POST /session/b0ce8d46a5f7dbbffbb869fc2b634a3a/execute/sync HTTP/1.1
User-Agent: selenium/4.1.2 (java windows)
Content-Length: 48780
Content-Type: application/json; charset=utf-8
host: localhost:61515
accept: */*

Response DefaultHttpResponse(decodeResult: success, version: HTTP/1.1)
HTTP/1.1 200 OK
Content-Type: application/json; charset=utf-8
cache-control: no-cache
content-length: 14

16:14:44.160 [AsyncHttpClient-1-2] DEBUG org.asynchttpclient.netty.channel.ChannelManager - Adding key: http://localhost:61515 for channel [id: 0x7adc0feb, L:/127.0.0.1:51261 - R:localhost/127.0.0.1:61515]
16:14:44.222 [Forwarding findElement on session b0ce8d46a5f7dbbffbb869fc2b634a3a to remote] DEBUG org.asynchttpclient.netty.request.NettyRequestSender - Using pooled Channel '[id: 0x7adc0feb, L:/127.0.0.1:51261 - R:localhost/127.0.0.1:61515]' for 'POST' to 'http://localhost:61515/session/b0ce8d46a5f7dbbffbb869fc2b634a3a/element'
16:14:44.222 [Forwarding findElement on session b0ce8d46a5f7dbbffbb869fc2b634a3a to remote] DEBUG org.asynchttpclient.netty.request.NettyRequestSender - Using open Channel [id: 0x7adc0feb, L:/127.0.0.1:51261 - R:localhost/127.0.0.1:61515] for POST '/session/b0ce8d46a5f7dbbffbb869fc2b634a3a/element'
16:14:44.262 [AsyncHttpClient-1-2] DEBUG org.asynchttpclient.netty.handler.HttpHandler - 

Request DefaultHttpRequest(decodeResult: success, version: HTTP/1.1)
POST /session/b0ce8d46a5f7dbbffbb869fc2b634a3a/element HTTP/1.1
User-Agent: selenium/4.1.2 (java windows)
Content-Length: 69
Content-Type: application/json; charset=utf-8
host: localhost:61515
accept: */*

Response DefaultHttpResponse(decodeResult: success, version: HTTP/1.1)
HTTP/1.1 200 OK
Content-Type: application/json; charset=utf-8
cache-control: no-cache
content-length: 88

16:14:44.262 [AsyncHttpClient-1-2] DEBUG org.asynchttpclient.netty.channel.ChannelManager - Adding key: http://localhost:61515 for channel [id: 0x7adc0feb, L:/127.0.0.1:51261 - R:localhost/127.0.0.1:61515]
16:14:44.267 [Forwarding clickElement on session b0ce8d46a5f7dbbffbb869fc2b634a3a to remote] DEBUG org.asynchttpclient.netty.request.NettyRequestSender - Using pooled Channel '[id: 0x7adc0feb, L:/127.0.0.1:51261 - R:localhost/127.0.0.1:61515]' for 'POST' to 'http://localhost:61515/session/b0ce8d46a5f7dbbffbb869fc2b634a3a/element/dcb943c2-6104-44a5-b89d-cf2fc7052ffc/click'
16:14:44.267 [Forwarding clickElement on session b0ce8d46a5f7dbbffbb869fc2b634a3a to remote] DEBUG org.asynchttpclient.netty.request.NettyRequestSender - Using open Channel [id: 0x7adc0feb, L:/127.0.0.1:51261 - R:localhost/127.0.0.1:61515] for POST '/session/b0ce8d46a5f7dbbffbb869fc2b634a3a/element/dcb943c2-6104-44a5-b89d-cf2fc7052ffc/click'
16:14:44.994 [AsyncHttpClient-1-2] DEBUG org.asynchttpclient.netty.handler.HttpHandler - 

Request DefaultHttpRequest(decodeResult: success, version: HTTP/1.1)
POST /session/b0ce8d46a5f7dbbffbb869fc2b634a3a/element/dcb943c2-6104-44a5-b89d-cf2fc7052ffc/click HTTP/1.1
User-Agent: selenium/4.1.2 (java windows)
Content-Length: 50
Content-Type: application/json; charset=utf-8
host: localhost:61515
accept: */*

Response DefaultHttpResponse(decodeResult: success, version: HTTP/1.1)
HTTP/1.1 200 OK
Content-Type: application/json; charset=utf-8
cache-control: no-cache
content-length: 14

16:14:44.994 [AsyncHttpClient-1-2] DEBUG org.asynchttpclient.netty.channel.ChannelManager - Adding key: http://localhost:61515 for channel [id: 0x7adc0feb, L:/127.0.0.1:51261 - R:localhost/127.0.0.1:61515]
16:14:45.083 [AsyncHttpClient-1-1] DEBUG org.asynchttpclient.netty.channel.DefaultChannelPool - Entry count for : http://localhost:51262 : 1
16:14:45.084 [AsyncHttpClient-1-1] DEBUG org.asynchttpclient.netty.channel.DefaultChannelPool - Entry count for : http://localhost:61515 : 1
16:14:45.116 [Forwarding screenshot on session b0ce8d46a5f7dbbffbb869fc2b634a3a to remote] DEBUG org.asynchttpclient.netty.request.NettyRequestSender - Using pooled Channel '[id: 0x7adc0feb, L:/127.0.0.1:51261 - R:localhost/127.0.0.1:61515]' for 'GET' to 'http://localhost:61515/session/b0ce8d46a5f7dbbffbb869fc2b634a3a/screenshot'
16:14:45.117 [Forwarding screenshot on session b0ce8d46a5f7dbbffbb869fc2b634a3a to remote] DEBUG org.asynchttpclient.netty.request.NettyRequestSender - Using open Channel [id: 0x7adc0feb, L:/127.0.0.1:51261 - R:localhost/127.0.0.1:61515] for GET '/session/b0ce8d46a5f7dbbffbb869fc2b634a3a/screenshot'
16:14:46.104 [AsyncHttpClient-1-1] DEBUG org.asynchttpclient.netty.channel.DefaultChannelPool - Entry count for : http://localhost:51262 : 1
16:14:46.147 [AsyncHttpClient-1-2] DEBUG org.asynchttpclient.netty.handler.HttpHandler - 

Request DefaultFullHttpRequest(decodeResult: success, version: HTTP/1.1, content: EmptyByteBufBE)
GET /session/b0ce8d46a5f7dbbffbb869fc2b634a3a/screenshot HTTP/1.1
User-Agent: selenium/4.1.2 (java windows)
Cache-Control: no-cache
Content-Type: application/json; charset=utf-8
host: localhost:61515
accept: */*

Response DefaultHttpResponse(decodeResult: success, version: HTTP/1.1)
HTTP/1.1 200 OK
Content-Type: application/json; charset=utf-8
cache-control: no-cache
content-length: 24072

16:14:46.148 [AsyncHttpClient-1-2] DEBUG org.asynchttpclient.netty.channel.ChannelManager - Adding key: http://localhost:61515 for channel [id: 0x7adc0feb, L:/127.0.0.1:51261 - R:localhost/127.0.0.1:61515]
16:14:46.151 [Test worker] DEBUG net.serenitybdd.core.photography.Darkroom - Send negative for processing for C:\Users\user\IdeaProjects\pruebaAutomatizacion\target\site\serenity\7430780ece990a178658b16a6fce79e8653cafa42333064a9af34dc873e14f63.png
16:14:46.183 [Test worker] DEBUG net.thucydides.core.steps.StepInterceptor - STEP DONE: {0} clicks on #target
16:14:46.240 [Forwarding screenshot on session b0ce8d46a5f7dbbffbb869fc2b634a3a to remote] DEBUG org.asynchttpclient.netty.request.NettyRequestSender - Using pooled Channel '[id: 0x7adc0feb, L:/127.0.0.1:51261 - R:localhost/127.0.0.1:61515]' for 'GET' to 'http://localhost:61515/session/b0ce8d46a5f7dbbffbb869fc2b634a3a/screenshot'
16:14:46.241 [Forwarding screenshot on session b0ce8d46a5f7dbbffbb869fc2b634a3a to remote] DEBUG org.asynchttpclient.netty.request.NettyRequestSender - Using open Channel [id: 0x7adc0feb, L:/127.0.0.1:51261 - R:localhost/127.0.0.1:61515] for GET '/session/b0ce8d46a5f7dbbffbb869fc2b634a3a/screenshot'
16:14:46.424 [AsyncHttpClient-1-2] DEBUG org.asynchttpclient.netty.handler.HttpHandler - 

Request DefaultFullHttpRequest(decodeResult: success, version: HTTP/1.1, content: EmptyByteBufBE)
GET /session/b0ce8d46a5f7dbbffbb869fc2b634a3a/screenshot HTTP/1.1
User-Agent: selenium/4.1.2 (java windows)
Cache-Control: no-cache
Content-Type: application/json; charset=utf-8
host: localhost:61515
accept: */*

Response DefaultHttpResponse(decodeResult: success, version: HTTP/1.1)
HTTP/1.1 200 OK
Content-Type: application/json; charset=utf-8
cache-control: no-cache
content-length: 24072

16:14:46.425 [AsyncHttpClient-1-2] DEBUG org.asynchttpclient.netty.channel.ChannelManager - Adding key: http://localhost:61515 for channel [id: 0x7adc0feb, L:/127.0.0.1:51261 - R:localhost/127.0.0.1:61515]
16:14:46.428 [Test worker] DEBUG net.serenitybdd.core.photography.Darkroom - Send negative for processing for C:\Users\user\IdeaProjects\pruebaAutomatizacion\target\site\serenity\7430780ece990a178658b16a6fce79e8653cafa42333064a9af34dc873e14f63.png
16:14:46.429 [Test worker] DEBUG net.thucydides.core.steps.StepInterceptor - STEP DONE: performAs
16:14:46.560 [Forwarding screenshot on session b0ce8d46a5f7dbbffbb869fc2b634a3a to remote] DEBUG org.asynchttpclient.netty.request.NettyRequestSender - Using pooled Channel '[id: 0x7adc0feb, L:/127.0.0.1:51261 - R:localhost/127.0.0.1:61515]' for 'GET' to 'http://localhost:61515/session/b0ce8d46a5f7dbbffbb869fc2b634a3a/screenshot'
16:14:46.560 [Forwarding screenshot on session b0ce8d46a5f7dbbffbb869fc2b634a3a to remote] DEBUG org.asynchttpclient.netty.request.NettyRequestSender - Using open Channel [id: 0x7adc0feb, L:/127.0.0.1:51261 - R:localhost/127.0.0.1:61515] for GET '/session/b0ce8d46a5f7dbbffbb869fc2b634a3a/screenshot'
16:14:46.743 [AsyncHttpClient-1-2] DEBUG org.asynchttpclient.netty.handler.HttpHandler - 

Request DefaultFullHttpRequest(decodeResult: success, version: HTTP/1.1, content: EmptyByteBufBE)
GET /session/b0ce8d46a5f7dbbffbb869fc2b634a3a/screenshot HTTP/1.1
User-Agent: selenium/4.1.2 (java windows)
Cache-Control: no-cache
Content-Type: application/json; charset=utf-8
host: localhost:61515
accept: */*

Response DefaultHttpResponse(decodeResult: success, version: HTTP/1.1)
HTTP/1.1 200 OK
Content-Type: application/json; charset=utf-8
cache-control: no-cache
content-length: 24072

16:14:46.743 [AsyncHttpClient-1-2] DEBUG org.asynchttpclient.netty.channel.ChannelManager - Adding key: http://localhost:61515 for channel [id: 0x7adc0feb, L:/127.0.0.1:51261 - R:localhost/127.0.0.1:61515]
16:14:46.748 [Test worker] DEBUG net.serenitybdd.core.photography.Darkroom - Send negative for processing for C:\Users\user\IdeaProjects\pruebaAutomatizacion\target\site\serenity\7430780ece990a178658b16a6fce79e8653cafa42333064a9af34dc873e14f63.png
16:14:46.749 [Test worker] DEBUG net.thucydides.core.steps.StepInterceptor - STARTING STEP: LoginStepDefinition.theActorIsLogInAndCompletesTheAppointmentForm - performAs
16:14:46.862 [Forwarding screenshot on session b0ce8d46a5f7dbbffbb869fc2b634a3a to remote] DEBUG org.asynchttpclient.netty.request.NettyRequestSender - Using pooled Channel '[id: 0x7adc0feb, L:/127.0.0.1:51261 - R:localhost/127.0.0.1:61515]' for 'GET' to 'http://localhost:61515/session/b0ce8d46a5f7dbbffbb869fc2b634a3a/screenshot'
16:14:46.862 [Forwarding screenshot on session b0ce8d46a5f7dbbffbb869fc2b634a3a to remote] DEBUG org.asynchttpclient.netty.request.NettyRequestSender - Using open Channel [id: 0x7adc0feb, L:/127.0.0.1:51261 - R:localhost/127.0.0.1:61515] for GET '/session/b0ce8d46a5f7dbbffbb869fc2b634a3a/screenshot'
16:14:47.127 [AsyncHttpClient-1-2] DEBUG org.asynchttpclient.netty.handler.HttpHandler - 

Request DefaultFullHttpRequest(decodeResult: success, version: HTTP/1.1, content: EmptyByteBufBE)
GET /session/b0ce8d46a5f7dbbffbb869fc2b634a3a/screenshot HTTP/1.1
User-Agent: selenium/4.1.2 (java windows)
Cache-Control: no-cache
Content-Type: application/json; charset=utf-8
host: localhost:61515
accept: */*

Response DefaultHttpResponse(decodeResult: success, version: HTTP/1.1)
HTTP/1.1 200 OK
Content-Type: application/json; charset=utf-8
cache-control: no-cache
content-length: 24072

16:14:47.128 [AsyncHttpClient-1-2] DEBUG org.asynchttpclient.netty.channel.ChannelManager - Adding key: http://localhost:61515 for channel [id: 0x7adc0feb, L:/127.0.0.1:51261 - R:localhost/127.0.0.1:61515]
16:14:47.137 [Test worker] DEBUG net.serenitybdd.core.photography.Darkroom - Send negative for processing for C:\Users\user\IdeaProjects\pruebaAutomatizacion\target\site\serenity\7430780ece990a178658b16a6fce79e8653cafa42333064a9af34dc873e14f63.png
16:14:47.142 [Test worker] DEBUG net.thucydides.core.steps.StepInterceptor - STARTING STEP: MakeAppointment.performAs - {0} clicks on #target
16:14:47.144 [Test worker] DEBUG net.serenitybdd.screenplay.targets.IFrameSwitcher - default content already selected for Tokyo CURA Healthcare Center
16:14:47.208 [AsyncHttpClient-1-1] DEBUG org.asynchttpclient.netty.channel.DefaultChannelPool - Entry count for : http://localhost:51262 : 1
16:14:47.208 [AsyncHttpClient-1-1] DEBUG org.asynchttpclient.netty.channel.DefaultChannelPool - Entry count for : http://localhost:61515 : 1
16:14:47.302 [Forwarding findElement on session b0ce8d46a5f7dbbffbb869fc2b634a3a to remote] DEBUG org.asynchttpclient.netty.request.NettyRequestSender - Using pooled Channel '[id: 0x7adc0feb, L:/127.0.0.1:51261 - R:localhost/127.0.0.1:61515]' for 'POST' to 'http://localhost:61515/session/b0ce8d46a5f7dbbffbb869fc2b634a3a/element'
16:14:47.302 [Forwarding findElement on session b0ce8d46a5f7dbbffbb869fc2b634a3a to remote] DEBUG org.asynchttpclient.netty.request.NettyRequestSender - Using open Channel [id: 0x7adc0feb, L:/127.0.0.1:51261 - R:localhost/127.0.0.1:61515] for POST '/session/b0ce8d46a5f7dbbffbb869fc2b634a3a/element'
16:14:47.745 [AsyncHttpClient-1-2] DEBUG org.asynchttpclient.netty.handler.HttpHandler - 

Request DefaultHttpRequest(decodeResult: success, version: HTTP/1.1)
POST /session/b0ce8d46a5f7dbbffbb869fc2b634a3a/element HTTP/1.1
User-Agent: selenium/4.1.2 (java windows)
Content-Length: 89
Content-Type: application/json; charset=utf-8
host: localhost:61515
accept: */*

Response DefaultHttpResponse(decodeResult: success, version: HTTP/1.1)
HTTP/1.1 200 OK
Content-Type: application/json; charset=utf-8
cache-control: no-cache
content-length: 88

16:14:47.745 [AsyncHttpClient-1-2] DEBUG org.asynchttpclient.netty.channel.ChannelManager - Adding key: http://localhost:61515 for channel [id: 0x7adc0feb, L:/127.0.0.1:51261 - R:localhost/127.0.0.1:61515]
16:14:47.763 [Forwarding isElementDisplayed on session b0ce8d46a5f7dbbffbb869fc2b634a3a to remote] DEBUG org.asynchttpclient.netty.request.NettyRequestSender - Using pooled Channel '[id: 0x7adc0feb, L:/127.0.0.1:51261 - R:localhost/127.0.0.1:61515]' for 'POST' to 'http://localhost:61515/session/b0ce8d46a5f7dbbffbb869fc2b634a3a/execute/sync'
16:14:47.763 [Forwarding isElementDisplayed on session b0ce8d46a5f7dbbffbb869fc2b634a3a to remote] DEBUG org.asynchttpclient.netty.request.NettyRequestSender - Using open Channel [id: 0x7adc0feb, L:/127.0.0.1:51261 - R:localhost/127.0.0.1:61515] for POST '/session/b0ce8d46a5f7dbbffbb869fc2b634a3a/execute/sync'
16:14:47.784 [AsyncHttpClient-1-2] DEBUG org.asynchttpclient.netty.handler.HttpHandler - 

Request DefaultHttpRequest(decodeResult: success, version: HTTP/1.1)
POST /session/b0ce8d46a5f7dbbffbb869fc2b634a3a/execute/sync HTTP/1.1
User-Agent: selenium/4.1.2 (java windows)
Content-Length: 48780
Content-Type: application/json; charset=utf-8
host: localhost:61515
accept: */*

Response DefaultHttpResponse(decodeResult: success, version: HTTP/1.1)
HTTP/1.1 200 OK
Content-Type: application/json; charset=utf-8
cache-control: no-cache
content-length: 14

16:14:47.784 [AsyncHttpClient-1-2] DEBUG org.asynchttpclient.netty.channel.ChannelManager - Adding key: http://localhost:61515 for channel [id: 0x7adc0feb, L:/127.0.0.1:51261 - R:localhost/127.0.0.1:61515]
16:14:47.814 [Forwarding findElement on session b0ce8d46a5f7dbbffbb869fc2b634a3a to remote] DEBUG org.asynchttpclient.netty.request.NettyRequestSender - Using pooled Channel '[id: 0x7adc0feb, L:/127.0.0.1:51261 - R:localhost/127.0.0.1:61515]' for 'POST' to 'http://localhost:61515/session/b0ce8d46a5f7dbbffbb869fc2b634a3a/element'
16:14:47.814 [Forwarding findElement on session b0ce8d46a5f7dbbffbb869fc2b634a3a to remote] DEBUG org.asynchttpclient.netty.request.NettyRequestSender - Using open Channel [id: 0x7adc0feb, L:/127.0.0.1:51261 - R:localhost/127.0.0.1:61515] for POST '/session/b0ce8d46a5f7dbbffbb869fc2b634a3a/element'
16:14:47.823 [AsyncHttpClient-1-2] DEBUG org.asynchttpclient.netty.handler.HttpHandler - 

Request DefaultHttpRequest(decodeResult: success, version: HTTP/1.1)
POST /session/b0ce8d46a5f7dbbffbb869fc2b634a3a/element HTTP/1.1
User-Agent: selenium/4.1.2 (java windows)
Content-Length: 89
Content-Type: application/json; charset=utf-8
host: localhost:61515
accept: */*

Response DefaultHttpResponse(decodeResult: success, version: HTTP/1.1)
HTTP/1.1 200 OK
Content-Type: application/json; charset=utf-8
cache-control: no-cache
content-length: 88

16:14:47.824 [AsyncHttpClient-1-2] DEBUG org.asynchttpclient.netty.channel.ChannelManager - Adding key: http://localhost:61515 for channel [id: 0x7adc0feb, L:/127.0.0.1:51261 - R:localhost/127.0.0.1:61515]
16:14:47.827 [Forwarding clickElement on session b0ce8d46a5f7dbbffbb869fc2b634a3a to remote] DEBUG org.asynchttpclient.netty.request.NettyRequestSender - Using pooled Channel '[id: 0x7adc0feb, L:/127.0.0.1:51261 - R:localhost/127.0.0.1:61515]' for 'POST' to 'http://localhost:61515/session/b0ce8d46a5f7dbbffbb869fc2b634a3a/element/52a77b6c-2aee-4ec0-b38d-7e0bd8c9fcec/click'
16:14:47.827 [Forwarding clickElement on session b0ce8d46a5f7dbbffbb869fc2b634a3a to remote] DEBUG org.asynchttpclient.netty.request.NettyRequestSender - Using open Channel [id: 0x7adc0feb, L:/127.0.0.1:51261 - R:localhost/127.0.0.1:61515] for POST '/session/b0ce8d46a5f7dbbffbb869fc2b634a3a/element/52a77b6c-2aee-4ec0-b38d-7e0bd8c9fcec/click'
16:14:48.306 [AsyncHttpClient-1-1] DEBUG org.asynchttpclient.netty.channel.DefaultChannelPool - Entry count for : http://localhost:51262 : 1
16:14:49.399 [AsyncHttpClient-1-1] DEBUG org.asynchttpclient.netty.channel.DefaultChannelPool - Entry count for : http://localhost:51262 : 1
16:14:49.572 [AsyncHttpClient-1-2] DEBUG org.asynchttpclient.netty.handler.HttpHandler - 

Request DefaultHttpRequest(decodeResult: success, version: HTTP/1.1)
POST /session/b0ce8d46a5f7dbbffbb869fc2b634a3a/element/52a77b6c-2aee-4ec0-b38d-7e0bd8c9fcec/click HTTP/1.1
User-Agent: selenium/4.1.2 (java windows)
Content-Length: 50
Content-Type: application/json; charset=utf-8
host: localhost:61515
accept: */*

Response DefaultHttpResponse(decodeResult: success, version: HTTP/1.1)
HTTP/1.1 200 OK
Content-Type: application/json; charset=utf-8
cache-control: no-cache
content-length: 14

16:14:49.573 [AsyncHttpClient-1-2] DEBUG org.asynchttpclient.netty.channel.ChannelManager - Adding key: http://localhost:61515 for channel [id: 0x7adc0feb, L:/127.0.0.1:51261 - R:localhost/127.0.0.1:61515]
16:14:49.633 [Forwarding screenshot on session b0ce8d46a5f7dbbffbb869fc2b634a3a to remote] DEBUG org.asynchttpclient.netty.request.NettyRequestSender - Using pooled Channel '[id: 0x7adc0feb, L:/127.0.0.1:51261 - R:localhost/127.0.0.1:61515]' for 'GET' to 'http://localhost:61515/session/b0ce8d46a5f7dbbffbb869fc2b634a3a/screenshot'
16:14:49.634 [Forwarding screenshot on session b0ce8d46a5f7dbbffbb869fc2b634a3a to remote] DEBUG org.asynchttpclient.netty.request.NettyRequestSender - Using open Channel [id: 0x7adc0feb, L:/127.0.0.1:51261 - R:localhost/127.0.0.1:61515] for GET '/session/b0ce8d46a5f7dbbffbb869fc2b634a3a/screenshot'
16:14:50.010 [AsyncHttpClient-1-2] DEBUG org.asynchttpclient.netty.handler.HttpHandler - 

Request DefaultFullHttpRequest(decodeResult: success, version: HTTP/1.1, content: EmptyByteBufBE)
GET /session/b0ce8d46a5f7dbbffbb869fc2b634a3a/screenshot HTTP/1.1
User-Agent: selenium/4.1.2 (java windows)
Cache-Control: no-cache
Content-Type: application/json; charset=utf-8
host: localhost:61515
accept: */*

Response DefaultHttpResponse(decodeResult: success, version: HTTP/1.1)
HTTP/1.1 200 OK
Content-Type: application/json; charset=utf-8
cache-control: no-cache
content-length: 25848

16:14:50.010 [AsyncHttpClient-1-2] DEBUG org.asynchttpclient.netty.channel.ChannelManager - Adding key: http://localhost:61515 for channel [id: 0x7adc0feb, L:/127.0.0.1:51261 - R:localhost/127.0.0.1:61515]
16:14:50.016 [Test worker] DEBUG net.serenitybdd.core.photography.Darkroom - Send negative for processing for C:\Users\user\IdeaProjects\pruebaAutomatizacion\target\site\serenity\5bf8d45aa001f12651d25651a14dd8fc948968783bd8c9281fdfe7325e7aabcc.png
16:14:50.017 [Darkroom Processing Line] DEBUG net.serenitybdd.core.photography.DarkroomProcessingLine - Processing screenshot image in /var/screenshots/screenshot-14898131008612594485
16:14:50.017 [Darkroom Processing Line] DEBUG net.serenitybdd.core.photography.DarkroomProcessingLine - Saving screenshot to C:\Users\user\IdeaProjects\pruebaAutomatizacion\target\site\serenity\5bf8d45aa001f12651d25651a14dd8fc948968783bd8c9281fdfe7325e7aabcc.png
16:14:50.045 [Test worker] DEBUG net.thucydides.core.steps.StepInterceptor - STEP DONE: {0} clicks on #target
16:14:50.069 [Forwarding screenshot on session b0ce8d46a5f7dbbffbb869fc2b634a3a to remote] DEBUG org.asynchttpclient.netty.request.NettyRequestSender - Using pooled Channel '[id: 0x7adc0feb, L:/127.0.0.1:51261 - R:localhost/127.0.0.1:61515]' for 'GET' to 'http://localhost:61515/session/b0ce8d46a5f7dbbffbb869fc2b634a3a/screenshot'
16:14:50.069 [Forwarding screenshot on session b0ce8d46a5f7dbbffbb869fc2b634a3a to remote] DEBUG org.asynchttpclient.netty.request.NettyRequestSender - Using open Channel [id: 0x7adc0feb, L:/127.0.0.1:51261 - R:localhost/127.0.0.1:61515] for GET '/session/b0ce8d46a5f7dbbffbb869fc2b634a3a/screenshot'
16:14:50.229 [AsyncHttpClient-1-2] DEBUG org.asynchttpclient.netty.handler.HttpHandler - 

Request DefaultFullHttpRequest(decodeResult: success, version: HTTP/1.1, content: EmptyByteBufBE)
GET /session/b0ce8d46a5f7dbbffbb869fc2b634a3a/screenshot HTTP/1.1
User-Agent: selenium/4.1.2 (java windows)
Cache-Control: no-cache
Content-Type: application/json; charset=utf-8
host: localhost:61515
accept: */*

Response DefaultHttpResponse(decodeResult: success, version: HTTP/1.1)
HTTP/1.1 200 OK
Content-Type: application/json; charset=utf-8
cache-control: no-cache
content-length: 25848

16:14:50.229 [AsyncHttpClient-1-2] DEBUG org.asynchttpclient.netty.channel.ChannelManager - Adding key: http://localhost:61515 for channel [id: 0x7adc0feb, L:/127.0.0.1:51261 - R:localhost/127.0.0.1:61515]
16:14:50.232 [Test worker] DEBUG net.serenitybdd.core.photography.Darkroom - Send negative for processing for C:\Users\user\IdeaProjects\pruebaAutomatizacion\target\site\serenity\5bf8d45aa001f12651d25651a14dd8fc948968783bd8c9281fdfe7325e7aabcc.png
16:14:50.232 [Test worker] DEBUG net.thucydides.core.steps.StepInterceptor - STARTING STEP: MakeAppointment.performAs - {0} clicks on #target
16:14:50.234 [Test worker] DEBUG net.serenitybdd.screenplay.targets.IFrameSwitcher - default content already selected for Check to apply for hospital readmission
16:14:50.324 [Forwarding findElement on session b0ce8d46a5f7dbbffbb869fc2b634a3a to remote] DEBUG org.asynchttpclient.netty.request.NettyRequestSender - Using pooled Channel '[id: 0x7adc0feb, L:/127.0.0.1:51261 - R:localhost/127.0.0.1:61515]' for 'POST' to 'http://localhost:61515/session/b0ce8d46a5f7dbbffbb869fc2b634a3a/element'
16:14:50.325 [Forwarding findElement on session b0ce8d46a5f7dbbffbb869fc2b634a3a to remote] DEBUG org.asynchttpclient.netty.request.NettyRequestSender - Using open Channel [id: 0x7adc0feb, L:/127.0.0.1:51261 - R:localhost/127.0.0.1:61515] for POST '/session/b0ce8d46a5f7dbbffbb869fc2b634a3a/element'
16:14:50.363 [AsyncHttpClient-1-2] DEBUG org.asynchttpclient.netty.handler.HttpHandler - 

Request DefaultHttpRequest(decodeResult: success, version: HTTP/1.1)
POST /session/b0ce8d46a5f7dbbffbb869fc2b634a3a/element HTTP/1.1
User-Agent: selenium/4.1.2 (java windows)
Content-Length: 84
Content-Type: application/json; charset=utf-8
host: localhost:61515
accept: */*

Response DefaultHttpResponse(decodeResult: success, version: HTTP/1.1)
HTTP/1.1 200 OK
Content-Type: application/json; charset=utf-8
cache-control: no-cache
content-length: 88

16:14:50.364 [AsyncHttpClient-1-2] DEBUG org.asynchttpclient.netty.channel.ChannelManager - Adding key: http://localhost:61515 for channel [id: 0x7adc0feb, L:/127.0.0.1:51261 - R:localhost/127.0.0.1:61515]
16:14:50.397 [Forwarding isElementDisplayed on session b0ce8d46a5f7dbbffbb869fc2b634a3a to remote] DEBUG org.asynchttpclient.netty.request.NettyRequestSender - Using pooled Channel '[id: 0x7adc0feb, L:/127.0.0.1:51261 - R:localhost/127.0.0.1:61515]' for 'POST' to 'http://localhost:61515/session/b0ce8d46a5f7dbbffbb869fc2b634a3a/execute/sync'
16:14:50.397 [Forwarding isElementDisplayed on session b0ce8d46a5f7dbbffbb869fc2b634a3a to remote] DEBUG org.asynchttpclient.netty.request.NettyRequestSender - Using open Channel [id: 0x7adc0feb, L:/127.0.0.1:51261 - R:localhost/127.0.0.1:61515] for POST '/session/b0ce8d46a5f7dbbffbb869fc2b634a3a/execute/sync'
16:14:50.428 [AsyncHttpClient-1-2] DEBUG org.asynchttpclient.netty.handler.HttpHandler - 

Request DefaultHttpRequest(decodeResult: success, version: HTTP/1.1)
POST /session/b0ce8d46a5f7dbbffbb869fc2b634a3a/execute/sync HTTP/1.1
User-Agent: selenium/4.1.2 (java windows)
Content-Length: 48780
Content-Type: application/json; charset=utf-8
host: localhost:61515
accept: */*

Response DefaultHttpResponse(decodeResult: success, version: HTTP/1.1)
HTTP/1.1 200 OK
Content-Type: application/json; charset=utf-8
cache-control: no-cache
content-length: 14

16:14:50.428 [AsyncHttpClient-1-2] DEBUG org.asynchttpclient.netty.channel.ChannelManager - Adding key: http://localhost:61515 for channel [id: 0x7adc0feb, L:/127.0.0.1:51261 - R:localhost/127.0.0.1:61515]
16:14:50.476 [Forwarding findElement on session b0ce8d46a5f7dbbffbb869fc2b634a3a to remote] DEBUG org.asynchttpclient.netty.request.NettyRequestSender - Using pooled Channel '[id: 0x7adc0feb, L:/127.0.0.1:51261 - R:localhost/127.0.0.1:61515]' for 'POST' to 'http://localhost:61515/session/b0ce8d46a5f7dbbffbb869fc2b634a3a/element'
16:14:50.478 [Forwarding findElement on session b0ce8d46a5f7dbbffbb869fc2b634a3a to remote] DEBUG org.asynchttpclient.netty.request.NettyRequestSender - Using open Channel [id: 0x7adc0feb, L:/127.0.0.1:51261 - R:localhost/127.0.0.1:61515] for POST '/session/b0ce8d46a5f7dbbffbb869fc2b634a3a/element'
16:14:50.500 [AsyncHttpClient-1-2] DEBUG org.asynchttpclient.netty.handler.HttpHandler - 

Request DefaultHttpRequest(decodeResult: success, version: HTTP/1.1)
POST /session/b0ce8d46a5f7dbbffbb869fc2b634a3a/element HTTP/1.1
User-Agent: selenium/4.1.2 (java windows)
Content-Length: 84
Content-Type: application/json; charset=utf-8
host: localhost:61515
accept: */*

Response DefaultHttpResponse(decodeResult: success, version: HTTP/1.1)
HTTP/1.1 200 OK
Content-Type: application/json; charset=utf-8
cache-control: no-cache
content-length: 88

16:14:50.501 [AsyncHttpClient-1-2] DEBUG org.asynchttpclient.netty.channel.ChannelManager - Adding key: http://localhost:61515 for channel [id: 0x7adc0feb, L:/127.0.0.1:51261 - R:localhost/127.0.0.1:61515]
16:14:50.504 [Forwarding clickElement on session b0ce8d46a5f7dbbffbb869fc2b634a3a to remote] DEBUG org.asynchttpclient.netty.request.NettyRequestSender - Using pooled Channel '[id: 0x7adc0feb, L:/127.0.0.1:51261 - R:localhost/127.0.0.1:61515]' for 'POST' to 'http://localhost:61515/session/b0ce8d46a5f7dbbffbb869fc2b634a3a/element/e6891928-e383-495c-bfec-849bbdc9aa39/click'
16:14:50.504 [Forwarding clickElement on session b0ce8d46a5f7dbbffbb869fc2b634a3a to remote] DEBUG org.asynchttpclient.netty.request.NettyRequestSender - Using open Channel [id: 0x7adc0feb, L:/127.0.0.1:51261 - R:localhost/127.0.0.1:61515] for POST '/session/b0ce8d46a5f7dbbffbb869fc2b634a3a/element/e6891928-e383-495c-bfec-849bbdc9aa39/click'
16:14:50.507 [AsyncHttpClient-1-1] DEBUG org.asynchttpclient.netty.channel.DefaultChannelPool - Entry count for : http://localhost:51262 : 1
16:14:50.581 [AsyncHttpClient-1-2] DEBUG org.asynchttpclient.netty.handler.HttpHandler - 

Request DefaultHttpRequest(decodeResult: success, version: HTTP/1.1)
POST /session/b0ce8d46a5f7dbbffbb869fc2b634a3a/element/e6891928-e383-495c-bfec-849bbdc9aa39/click HTTP/1.1
User-Agent: selenium/4.1.2 (java windows)
Content-Length: 50
Content-Type: application/json; charset=utf-8
host: localhost:61515
accept: */*

Response DefaultHttpResponse(decodeResult: success, version: HTTP/1.1)
HTTP/1.1 200 OK
Content-Type: application/json; charset=utf-8
cache-control: no-cache
content-length: 14

16:14:50.581 [AsyncHttpClient-1-2] DEBUG org.asynchttpclient.netty.channel.ChannelManager - Adding key: http://localhost:61515 for channel [id: 0x7adc0feb, L:/127.0.0.1:51261 - R:localhost/127.0.0.1:61515]
16:14:50.630 [Forwarding screenshot on session b0ce8d46a5f7dbbffbb869fc2b634a3a to remote] DEBUG org.asynchttpclient.netty.request.NettyRequestSender - Using pooled Channel '[id: 0x7adc0feb, L:/127.0.0.1:51261 - R:localhost/127.0.0.1:61515]' for 'GET' to 'http://localhost:61515/session/b0ce8d46a5f7dbbffbb869fc2b634a3a/screenshot'
16:14:50.631 [Forwarding screenshot on session b0ce8d46a5f7dbbffbb869fc2b634a3a to remote] DEBUG org.asynchttpclient.netty.request.NettyRequestSender - Using open Channel [id: 0x7adc0feb, L:/127.0.0.1:51261 - R:localhost/127.0.0.1:61515] for GET '/session/b0ce8d46a5f7dbbffbb869fc2b634a3a/screenshot'
16:14:50.819 [AsyncHttpClient-1-2] DEBUG org.asynchttpclient.netty.handler.HttpHandler - 

Request DefaultFullHttpRequest(decodeResult: success, version: HTTP/1.1, content: EmptyByteBufBE)
GET /session/b0ce8d46a5f7dbbffbb869fc2b634a3a/screenshot HTTP/1.1
User-Agent: selenium/4.1.2 (java windows)
Cache-Control: no-cache
Content-Type: application/json; charset=utf-8
host: localhost:61515
accept: */*

Response DefaultHttpResponse(decodeResult: success, version: HTTP/1.1)
HTTP/1.1 200 OK
Content-Type: application/json; charset=utf-8
cache-control: no-cache
content-length: 24268

16:14:50.819 [AsyncHttpClient-1-2] DEBUG org.asynchttpclient.netty.channel.ChannelManager - Adding key: http://localhost:61515 for channel [id: 0x7adc0feb, L:/127.0.0.1:51261 - R:localhost/127.0.0.1:61515]
16:14:50.822 [Test worker] DEBUG net.serenitybdd.core.photography.Darkroom - Send negative for processing for C:\Users\user\IdeaProjects\pruebaAutomatizacion\target\site\serenity\8871c568461bc6c54f681cba1f5676bf325876c8edf62e4206ab017be321da63.png
16:14:50.870 [Test worker] DEBUG net.thucydides.core.steps.StepInterceptor - STEP DONE: {0} clicks on #target
16:14:50.914 [Forwarding screenshot on session b0ce8d46a5f7dbbffbb869fc2b634a3a to remote] DEBUG org.asynchttpclient.netty.request.NettyRequestSender - Using pooled Channel '[id: 0x7adc0feb, L:/127.0.0.1:51261 - R:localhost/127.0.0.1:61515]' for 'GET' to 'http://localhost:61515/session/b0ce8d46a5f7dbbffbb869fc2b634a3a/screenshot'
16:14:50.914 [Forwarding screenshot on session b0ce8d46a5f7dbbffbb869fc2b634a3a to remote] DEBUG org.asynchttpclient.netty.request.NettyRequestSender - Using open Channel [id: 0x7adc0feb, L:/127.0.0.1:51261 - R:localhost/127.0.0.1:61515] for GET '/session/b0ce8d46a5f7dbbffbb869fc2b634a3a/screenshot'
16:14:51.086 [AsyncHttpClient-1-2] DEBUG org.asynchttpclient.netty.handler.HttpHandler - 

Request DefaultFullHttpRequest(decodeResult: success, version: HTTP/1.1, content: EmptyByteBufBE)
GET /session/b0ce8d46a5f7dbbffbb869fc2b634a3a/screenshot HTTP/1.1
User-Agent: selenium/4.1.2 (java windows)
Cache-Control: no-cache
Content-Type: application/json; charset=utf-8
host: localhost:61515
accept: */*

Response DefaultHttpResponse(decodeResult: success, version: HTTP/1.1)
HTTP/1.1 200 OK
Content-Type: application/json; charset=utf-8
cache-control: no-cache
content-length: 24272

16:14:51.086 [AsyncHttpClient-1-2] DEBUG org.asynchttpclient.netty.channel.ChannelManager - Adding key: http://localhost:61515 for channel [id: 0x7adc0feb, L:/127.0.0.1:51261 - R:localhost/127.0.0.1:61515]
16:14:51.090 [Test worker] DEBUG net.serenitybdd.core.photography.Darkroom - Send negative for processing for C:\Users\user\IdeaProjects\pruebaAutomatizacion\target\site\serenity\3673c0635565f7142efd0dcb3833ec8481ccd42a7973044e4275168310ee2b88.png
16:14:51.091 [Test worker] DEBUG net.thucydides.core.steps.StepInterceptor - STARTING STEP: MakeAppointment.performAs - {0} clicks on #target
16:14:51.092 [Test worker] DEBUG net.serenitybdd.screenplay.targets.IFrameSwitcher - default content already selected for Select healthcare program
16:14:51.239 [Forwarding findElement on session b0ce8d46a5f7dbbffbb869fc2b634a3a to remote] DEBUG org.asynchttpclient.netty.request.NettyRequestSender - Using pooled Channel '[id: 0x7adc0feb, L:/127.0.0.1:51261 - R:localhost/127.0.0.1:61515]' for 'POST' to 'http://localhost:61515/session/b0ce8d46a5f7dbbffbb869fc2b634a3a/element'
16:14:51.239 [Forwarding findElement on session b0ce8d46a5f7dbbffbb869fc2b634a3a to remote] DEBUG org.asynchttpclient.netty.request.NettyRequestSender - Using open Channel [id: 0x7adc0feb, L:/127.0.0.1:51261 - R:localhost/127.0.0.1:61515] for POST '/session/b0ce8d46a5f7dbbffbb869fc2b634a3a/element'
16:14:51.251 [AsyncHttpClient-1-2] DEBUG org.asynchttpclient.netty.handler.HttpHandler - 

Request DefaultHttpRequest(decodeResult: success, version: HTTP/1.1)
POST /session/b0ce8d46a5f7dbbffbb869fc2b634a3a/element HTTP/1.1
User-Agent: selenium/4.1.2 (java windows)
Content-Length: 82
Content-Type: application/json; charset=utf-8
host: localhost:61515
accept: */*

Response DefaultHttpResponse(decodeResult: success, version: HTTP/1.1)
HTTP/1.1 200 OK
Content-Type: application/json; charset=utf-8
cache-control: no-cache
content-length: 88

16:14:51.251 [AsyncHttpClient-1-2] DEBUG org.asynchttpclient.netty.channel.ChannelManager - Adding key: http://localhost:61515 for channel [id: 0x7adc0feb, L:/127.0.0.1:51261 - R:localhost/127.0.0.1:61515]
16:14:51.272 [Forwarding isElementDisplayed on session b0ce8d46a5f7dbbffbb869fc2b634a3a to remote] DEBUG org.asynchttpclient.netty.request.NettyRequestSender - Using pooled Channel '[id: 0x7adc0feb, L:/127.0.0.1:51261 - R:localhost/127.0.0.1:61515]' for 'POST' to 'http://localhost:61515/session/b0ce8d46a5f7dbbffbb869fc2b634a3a/execute/sync'
16:14:51.273 [Forwarding isElementDisplayed on session b0ce8d46a5f7dbbffbb869fc2b634a3a to remote] DEBUG org.asynchttpclient.netty.request.NettyRequestSender - Using open Channel [id: 0x7adc0feb, L:/127.0.0.1:51261 - R:localhost/127.0.0.1:61515] for POST '/session/b0ce8d46a5f7dbbffbb869fc2b634a3a/execute/sync'
16:14:51.290 [AsyncHttpClient-1-2] DEBUG org.asynchttpclient.netty.handler.HttpHandler - 

Request DefaultHttpRequest(decodeResult: success, version: HTTP/1.1)
POST /session/b0ce8d46a5f7dbbffbb869fc2b634a3a/execute/sync HTTP/1.1
User-Agent: selenium/4.1.2 (java windows)
Content-Length: 48780
Content-Type: application/json; charset=utf-8
host: localhost:61515
accept: */*

Response DefaultHttpResponse(decodeResult: success, version: HTTP/1.1)
HTTP/1.1 200 OK
Content-Type: application/json; charset=utf-8
cache-control: no-cache
content-length: 14

16:14:51.291 [AsyncHttpClient-1-2] DEBUG org.asynchttpclient.netty.channel.ChannelManager - Adding key: http://localhost:61515 for channel [id: 0x7adc0feb, L:/127.0.0.1:51261 - R:localhost/127.0.0.1:61515]
16:14:51.325 [Forwarding findElement on session b0ce8d46a5f7dbbffbb869fc2b634a3a to remote] DEBUG org.asynchttpclient.netty.request.NettyRequestSender - Using pooled Channel '[id: 0x7adc0feb, L:/127.0.0.1:51261 - R:localhost/127.0.0.1:61515]' for 'POST' to 'http://localhost:61515/session/b0ce8d46a5f7dbbffbb869fc2b634a3a/element'
16:14:51.325 [Forwarding findElement on session b0ce8d46a5f7dbbffbb869fc2b634a3a to remote] DEBUG org.asynchttpclient.netty.request.NettyRequestSender - Using open Channel [id: 0x7adc0feb, L:/127.0.0.1:51261 - R:localhost/127.0.0.1:61515] for POST '/session/b0ce8d46a5f7dbbffbb869fc2b634a3a/element'
16:14:51.341 [AsyncHttpClient-1-2] DEBUG org.asynchttpclient.netty.handler.HttpHandler - 

Request DefaultHttpRequest(decodeResult: success, version: HTTP/1.1)
POST /session/b0ce8d46a5f7dbbffbb869fc2b634a3a/element HTTP/1.1
User-Agent: selenium/4.1.2 (java windows)
Content-Length: 82
Content-Type: application/json; charset=utf-8
host: localhost:61515
accept: */*

Response DefaultHttpResponse(decodeResult: success, version: HTTP/1.1)
HTTP/1.1 200 OK
Content-Type: application/json; charset=utf-8
cache-control: no-cache
content-length: 88

16:14:51.342 [AsyncHttpClient-1-2] DEBUG org.asynchttpclient.netty.channel.ChannelManager - Adding key: http://localhost:61515 for channel [id: 0x7adc0feb, L:/127.0.0.1:51261 - R:localhost/127.0.0.1:61515]
16:14:51.345 [Forwarding clickElement on session b0ce8d46a5f7dbbffbb869fc2b634a3a to remote] DEBUG org.asynchttpclient.netty.request.NettyRequestSender - Using pooled Channel '[id: 0x7adc0feb, L:/127.0.0.1:51261 - R:localhost/127.0.0.1:61515]' for 'POST' to 'http://localhost:61515/session/b0ce8d46a5f7dbbffbb869fc2b634a3a/element/5fdd92bd-db68-4ab6-958e-c027b63223dc/click'
16:14:51.345 [Forwarding clickElement on session b0ce8d46a5f7dbbffbb869fc2b634a3a to remote] DEBUG org.asynchttpclient.netty.request.NettyRequestSender - Using open Channel [id: 0x7adc0feb, L:/127.0.0.1:51261 - R:localhost/127.0.0.1:61515] for POST '/session/b0ce8d46a5f7dbbffbb869fc2b634a3a/element/5fdd92bd-db68-4ab6-958e-c027b63223dc/click'
16:14:51.405 [AsyncHttpClient-1-2] DEBUG org.asynchttpclient.netty.handler.HttpHandler - 

Request DefaultHttpRequest(decodeResult: success, version: HTTP/1.1)
POST /session/b0ce8d46a5f7dbbffbb869fc2b634a3a/element/5fdd92bd-db68-4ab6-958e-c027b63223dc/click HTTP/1.1
User-Agent: selenium/4.1.2 (java windows)
Content-Length: 50
Content-Type: application/json; charset=utf-8
host: localhost:61515
accept: */*

Response DefaultHttpResponse(decodeResult: success, version: HTTP/1.1)
HTTP/1.1 200 OK
Content-Type: application/json; charset=utf-8
cache-control: no-cache
content-length: 14

16:14:51.406 [AsyncHttpClient-1-2] DEBUG org.asynchttpclient.netty.channel.ChannelManager - Adding key: http://localhost:61515 for channel [id: 0x7adc0feb, L:/127.0.0.1:51261 - R:localhost/127.0.0.1:61515]
16:14:51.447 [Forwarding screenshot on session b0ce8d46a5f7dbbffbb869fc2b634a3a to remote] DEBUG org.asynchttpclient.netty.request.NettyRequestSender - Using pooled Channel '[id: 0x7adc0feb, L:/127.0.0.1:51261 - R:localhost/127.0.0.1:61515]' for 'GET' to 'http://localhost:61515/session/b0ce8d46a5f7dbbffbb869fc2b634a3a/screenshot'
16:14:51.447 [Forwarding screenshot on session b0ce8d46a5f7dbbffbb869fc2b634a3a to remote] DEBUG org.asynchttpclient.netty.request.NettyRequestSender - Using open Channel [id: 0x7adc0feb, L:/127.0.0.1:51261 - R:localhost/127.0.0.1:61515] for GET '/session/b0ce8d46a5f7dbbffbb869fc2b634a3a/screenshot'
16:14:51.598 [AsyncHttpClient-1-1] DEBUG org.asynchttpclient.netty.channel.DefaultChannelPool - Entry count for : http://localhost:51262 : 1
16:14:51.634 [AsyncHttpClient-1-2] DEBUG org.asynchttpclient.netty.handler.HttpHandler - 

Request DefaultFullHttpRequest(decodeResult: success, version: HTTP/1.1, content: EmptyByteBufBE)
GET /session/b0ce8d46a5f7dbbffbb869fc2b634a3a/screenshot HTTP/1.1
User-Agent: selenium/4.1.2 (java windows)
Cache-Control: no-cache
Content-Type: application/json; charset=utf-8
host: localhost:61515
accept: */*

Response DefaultHttpResponse(decodeResult: success, version: HTTP/1.1)
HTTP/1.1 200 OK
Content-Type: application/json; charset=utf-8
cache-control: no-cache
content-length: 24368

16:14:51.635 [AsyncHttpClient-1-2] DEBUG org.asynchttpclient.netty.channel.ChannelManager - Adding key: http://localhost:61515 for channel [id: 0x7adc0feb, L:/127.0.0.1:51261 - R:localhost/127.0.0.1:61515]
16:14:51.642 [Test worker] DEBUG net.serenitybdd.core.photography.Darkroom - Send negative for processing for C:\Users\user\IdeaProjects\pruebaAutomatizacion\target\site\serenity\4f32f4f64e93f1cc266e448fa38e88ecd3a375be11127e0ddec036b867bc485a.png
16:14:51.726 [Forwarding screenshot on session b0ce8d46a5f7dbbffbb869fc2b634a3a to remote] DEBUG org.asynchttpclient.netty.request.NettyRequestSender - Using pooled Channel '[id: 0x7adc0feb, L:/127.0.0.1:51261 - R:localhost/127.0.0.1:61515]' for 'GET' to 'http://localhost:61515/session/b0ce8d46a5f7dbbffbb869fc2b634a3a/screenshot'
16:14:51.727 [Forwarding screenshot on session b0ce8d46a5f7dbbffbb869fc2b634a3a to remote] DEBUG org.asynchttpclient.netty.request.NettyRequestSender - Using open Channel [id: 0x7adc0feb, L:/127.0.0.1:51261 - R:localhost/127.0.0.1:61515] for GET '/session/b0ce8d46a5f7dbbffbb869fc2b634a3a/screenshot'
16:14:51.896 [AsyncHttpClient-1-2] DEBUG org.asynchttpclient.netty.handler.HttpHandler - 

Request DefaultFullHttpRequest(decodeResult: success, version: HTTP/1.1, content: EmptyByteBufBE)
GET /session/b0ce8d46a5f7dbbffbb869fc2b634a3a/screenshot HTTP/1.1
User-Agent: selenium/4.1.2 (java windows)
Cache-Control: no-cache
Content-Type: application/json; charset=utf-8
host: localhost:61515
accept: */*

Response DefaultHttpResponse(decodeResult: success, version: HTTP/1.1)
HTTP/1.1 200 OK
Content-Type: application/json; charset=utf-8
cache-control: no-cache
content-length: 24368

16:14:51.897 [AsyncHttpClient-1-2] DEBUG org.asynchttpclient.netty.channel.ChannelManager - Adding key: http://localhost:61515 for channel [id: 0x7adc0feb, L:/127.0.0.1:51261 - R:localhost/127.0.0.1:61515]
16:14:51.900 [Test worker] DEBUG net.serenitybdd.core.photography.Darkroom - Send negative for processing for C:\Users\user\IdeaProjects\pruebaAutomatizacion\target\site\serenity\4f32f4f64e93f1cc266e448fa38e88ecd3a375be11127e0ddec036b867bc485a.png
16:14:51.900 [Test worker] DEBUG net.thucydides.core.steps.StepInterceptor - STEP DONE: {0} clicks on #target
16:14:51.936 [Test worker] DEBUG net.thucydides.core.steps.StepInterceptor - STARTING STEP: MakeAppointment.performAs - {0} enters #theTextAsAString into #target
16:14:51.952 [Test worker] DEBUG net.serenitybdd.screenplay.targets.IFrameSwitcher - default content already selected for Visit date
16:14:51.993 [Forwarding findElement on session b0ce8d46a5f7dbbffbb869fc2b634a3a to remote] DEBUG org.asynchttpclient.netty.request.NettyRequestSender - Using pooled Channel '[id: 0x7adc0feb, L:/127.0.0.1:51261 - R:localhost/127.0.0.1:61515]' for 'POST' to 'http://localhost:61515/session/b0ce8d46a5f7dbbffbb869fc2b634a3a/element'
16:14:51.993 [Forwarding findElement on session b0ce8d46a5f7dbbffbb869fc2b634a3a to remote] DEBUG org.asynchttpclient.netty.request.NettyRequestSender - Using open Channel [id: 0x7adc0feb, L:/127.0.0.1:51261 - R:localhost/127.0.0.1:61515] for POST '/session/b0ce8d46a5f7dbbffbb869fc2b634a3a/element'
16:14:52.009 [AsyncHttpClient-1-2] DEBUG org.asynchttpclient.netty.handler.HttpHandler - 

Request DefaultHttpRequest(decodeResult: success, version: HTTP/1.1)
POST /session/b0ce8d46a5f7dbbffbb869fc2b634a3a/element HTTP/1.1
User-Agent: selenium/4.1.2 (java windows)
Content-Length: 74
Content-Type: application/json; charset=utf-8
host: localhost:61515
accept: */*

Response DefaultHttpResponse(decodeResult: success, version: HTTP/1.1)
HTTP/1.1 200 OK
Content-Type: application/json; charset=utf-8
cache-control: no-cache
content-length: 88

16:14:52.009 [AsyncHttpClient-1-2] DEBUG org.asynchttpclient.netty.channel.ChannelManager - Adding key: http://localhost:61515 for channel [id: 0x7adc0feb, L:/127.0.0.1:51261 - R:localhost/127.0.0.1:61515]
16:14:52.018 [Forwarding sendKeysToElement on session b0ce8d46a5f7dbbffbb869fc2b634a3a to remote] DEBUG org.asynchttpclient.netty.request.NettyRequestSender - Using pooled Channel '[id: 0x7adc0feb, L:/127.0.0.1:51261 - R:localhost/127.0.0.1:61515]' for 'POST' to 'http://localhost:61515/session/b0ce8d46a5f7dbbffbb869fc2b634a3a/element/a9e78b69-c3a7-415f-8223-9d085918a5cb/value'
16:14:52.018 [Forwarding sendKeysToElement on session b0ce8d46a5f7dbbffbb869fc2b634a3a to remote] DEBUG org.asynchttpclient.netty.request.NettyRequestSender - Using open Channel [id: 0x7adc0feb, L:/127.0.0.1:51261 - R:localhost/127.0.0.1:61515] for POST '/session/b0ce8d46a5f7dbbffbb869fc2b634a3a/element/a9e78b69-c3a7-415f-8223-9d085918a5cb/value'
16:14:52.257 [AsyncHttpClient-1-2] DEBUG org.asynchttpclient.netty.handler.HttpHandler - 

Request DefaultHttpRequest(decodeResult: success, version: HTTP/1.1)
POST /session/b0ce8d46a5f7dbbffbb869fc2b634a3a/element/a9e78b69-c3a7-415f-8223-9d085918a5cb/value HTTP/1.1
User-Agent: selenium/4.1.2 (java windows)
Content-Length: 201
Content-Type: application/json; charset=utf-8
host: localhost:61515
accept: */*

Response DefaultHttpResponse(decodeResult: success, version: HTTP/1.1)
HTTP/1.1 200 OK
Content-Type: application/json; charset=utf-8
cache-control: no-cache
content-length: 14

16:14:52.257 [AsyncHttpClient-1-2] DEBUG org.asynchttpclient.netty.channel.ChannelManager - Adding key: http://localhost:61515 for channel [id: 0x7adc0feb, L:/127.0.0.1:51261 - R:localhost/127.0.0.1:61515]
16:14:52.318 [Forwarding screenshot on session b0ce8d46a5f7dbbffbb869fc2b634a3a to remote] DEBUG org.asynchttpclient.netty.request.NettyRequestSender - Using pooled Channel '[id: 0x7adc0feb, L:/127.0.0.1:51261 - R:localhost/127.0.0.1:61515]' for 'GET' to 'http://localhost:61515/session/b0ce8d46a5f7dbbffbb869fc2b634a3a/screenshot'
16:14:52.319 [Forwarding screenshot on session b0ce8d46a5f7dbbffbb869fc2b634a3a to remote] DEBUG org.asynchttpclient.netty.request.NettyRequestSender - Using open Channel [id: 0x7adc0feb, L:/127.0.0.1:51261 - R:localhost/127.0.0.1:61515] for GET '/session/b0ce8d46a5f7dbbffbb869fc2b634a3a/screenshot'
16:14:52.702 [AsyncHttpClient-1-1] DEBUG org.asynchttpclient.netty.channel.DefaultChannelPool - Entry count for : http://localhost:51262 : 1
16:14:52.803 [AsyncHttpClient-1-2] DEBUG org.asynchttpclient.netty.handler.HttpHandler - 

Request DefaultFullHttpRequest(decodeResult: success, version: HTTP/1.1, content: EmptyByteBufBE)
GET /session/b0ce8d46a5f7dbbffbb869fc2b634a3a/screenshot HTTP/1.1
User-Agent: selenium/4.1.2 (java windows)
Cache-Control: no-cache
Content-Type: application/json; charset=utf-8
host: localhost:61515
accept: */*

Response DefaultHttpResponse(decodeResult: success, version: HTTP/1.1)
HTTP/1.1 200 OK
Content-Type: application/json; charset=utf-8
cache-control: no-cache
content-length: 32228

16:14:52.804 [AsyncHttpClient-1-2] DEBUG org.asynchttpclient.netty.channel.ChannelManager - Adding key: http://localhost:61515 for channel [id: 0x7adc0feb, L:/127.0.0.1:51261 - R:localhost/127.0.0.1:61515]
16:14:52.809 [Test worker] DEBUG net.serenitybdd.core.photography.Darkroom - Send negative for processing for C:\Users\user\IdeaProjects\pruebaAutomatizacion\target\site\serenity\b66d0d1c89cff430ce28c44308d28b22af5ebd9cb0eb1770586c91689f3f2bda.png
16:14:52.810 [Test worker] DEBUG net.thucydides.core.steps.StepInterceptor - STEP DONE: {0} enters #theTextAsAString into #target
16:14:52.845 [Test worker] DEBUG net.thucydides.core.steps.StepInterceptor - STARTING STEP: MakeAppointment.performAs - {0} enters #theTextAsAString into #target
16:14:52.862 [Test worker] DEBUG net.serenitybdd.screenplay.targets.IFrameSwitcher - default content already selected for Txt to comments
16:14:52.899 [Forwarding findElement on session b0ce8d46a5f7dbbffbb869fc2b634a3a to remote] DEBUG org.asynchttpclient.netty.request.NettyRequestSender - Using pooled Channel '[id: 0x7adc0feb, L:/127.0.0.1:51261 - R:localhost/127.0.0.1:61515]' for 'POST' to 'http://localhost:61515/session/b0ce8d46a5f7dbbffbb869fc2b634a3a/element'
16:14:52.899 [Forwarding findElement on session b0ce8d46a5f7dbbffbb869fc2b634a3a to remote] DEBUG org.asynchttpclient.netty.request.NettyRequestSender - Using open Channel [id: 0x7adc0feb, L:/127.0.0.1:51261 - R:localhost/127.0.0.1:61515] for POST '/session/b0ce8d46a5f7dbbffbb869fc2b634a3a/element'
16:14:52.915 [AsyncHttpClient-1-2] DEBUG org.asynchttpclient.netty.handler.HttpHandler - 

Request DefaultHttpRequest(decodeResult: success, version: HTTP/1.1)
POST /session/b0ce8d46a5f7dbbffbb869fc2b634a3a/element HTTP/1.1
User-Agent: selenium/4.1.2 (java windows)
Content-Length: 71
Content-Type: application/json; charset=utf-8
host: localhost:61515
accept: */*

Response DefaultHttpResponse(decodeResult: success, version: HTTP/1.1)
HTTP/1.1 200 OK
Content-Type: application/json; charset=utf-8
cache-control: no-cache
content-length: 88

16:14:52.915 [AsyncHttpClient-1-2] DEBUG org.asynchttpclient.netty.channel.ChannelManager - Adding key: http://localhost:61515 for channel [id: 0x7adc0feb, L:/127.0.0.1:51261 - R:localhost/127.0.0.1:61515]
16:14:52.918 [Forwarding sendKeysToElement on session b0ce8d46a5f7dbbffbb869fc2b634a3a to remote] DEBUG org.asynchttpclient.netty.request.NettyRequestSender - Using pooled Channel '[id: 0x7adc0feb, L:/127.0.0.1:51261 - R:localhost/127.0.0.1:61515]' for 'POST' to 'http://localhost:61515/session/b0ce8d46a5f7dbbffbb869fc2b634a3a/element/b56568a2-2909-4f5a-8981-aad143c6f9c3/value'
16:14:52.919 [Forwarding sendKeysToElement on session b0ce8d46a5f7dbbffbb869fc2b634a3a to remote] DEBUG org.asynchttpclient.netty.request.NettyRequestSender - Using open Channel [id: 0x7adc0feb, L:/127.0.0.1:51261 - R:localhost/127.0.0.1:61515] for POST '/session/b0ce8d46a5f7dbbffbb869fc2b634a3a/element/b56568a2-2909-4f5a-8981-aad143c6f9c3/value'
16:14:53.006 [AsyncHttpClient-1-2] DEBUG org.asynchttpclient.netty.handler.HttpHandler - 

Request DefaultHttpRequest(decodeResult: success, version: HTTP/1.1)
POST /session/b0ce8d46a5f7dbbffbb869fc2b634a3a/element/b56568a2-2909-4f5a-8981-aad143c6f9c3/value HTTP/1.1
User-Agent: selenium/4.1.2 (java windows)
Content-Length: 191
Content-Type: application/json; charset=utf-8
host: localhost:61515
accept: */*

Response DefaultHttpResponse(decodeResult: success, version: HTTP/1.1)
HTTP/1.1 200 OK
Content-Type: application/json; charset=utf-8
cache-control: no-cache
content-length: 14

16:14:53.006 [AsyncHttpClient-1-2] DEBUG org.asynchttpclient.netty.channel.ChannelManager - Adding key: http://localhost:61515 for channel [id: 0x7adc0feb, L:/127.0.0.1:51261 - R:localhost/127.0.0.1:61515]
16:14:53.047 [Forwarding screenshot on session b0ce8d46a5f7dbbffbb869fc2b634a3a to remote] DEBUG org.asynchttpclient.netty.request.NettyRequestSender - Using pooled Channel '[id: 0x7adc0feb, L:/127.0.0.1:51261 - R:localhost/127.0.0.1:61515]' for 'GET' to 'http://localhost:61515/session/b0ce8d46a5f7dbbffbb869fc2b634a3a/screenshot'
16:14:53.047 [Forwarding screenshot on session b0ce8d46a5f7dbbffbb869fc2b634a3a to remote] DEBUG org.asynchttpclient.netty.request.NettyRequestSender - Using open Channel [id: 0x7adc0feb, L:/127.0.0.1:51261 - R:localhost/127.0.0.1:61515] for GET '/session/b0ce8d46a5f7dbbffbb869fc2b634a3a/screenshot'
16:14:53.291 [AsyncHttpClient-1-2] DEBUG org.asynchttpclient.netty.handler.HttpHandler - 

Request DefaultFullHttpRequest(decodeResult: success, version: HTTP/1.1, content: EmptyByteBufBE)
GET /session/b0ce8d46a5f7dbbffbb869fc2b634a3a/screenshot HTTP/1.1
User-Agent: selenium/4.1.2 (java windows)
Cache-Control: no-cache
Content-Type: application/json; charset=utf-8
host: localhost:61515
accept: */*

Response DefaultHttpResponse(decodeResult: success, version: HTTP/1.1)
HTTP/1.1 200 OK
Content-Type: application/json; charset=utf-8
cache-control: no-cache
content-length: 32120

16:14:53.292 [AsyncHttpClient-1-2] DEBUG org.asynchttpclient.netty.channel.ChannelManager - Adding key: http://localhost:61515 for channel [id: 0x7adc0feb, L:/127.0.0.1:51261 - R:localhost/127.0.0.1:61515]
16:14:53.295 [Test worker] DEBUG net.serenitybdd.core.photography.Darkroom - Send negative for processing for C:\Users\user\IdeaProjects\pruebaAutomatizacion\target\site\serenity\c8f1af93af57ecb253c27d89b60ef69eff6d653275bc83296f192525753b52f1.png
16:14:53.296 [Test worker] DEBUG net.thucydides.core.steps.StepInterceptor - STEP DONE: {0} enters #theTextAsAString into #target
16:14:53.296 [Darkroom Processing Line] DEBUG net.serenitybdd.core.photography.DarkroomProcessingLine - Processing screenshot image in /var/screenshots/screenshot-8131570431463401570
16:14:53.296 [Darkroom Processing Line] DEBUG net.serenitybdd.core.photography.DarkroomProcessingLine - Saving screenshot to C:\Users\user\IdeaProjects\pruebaAutomatizacion\target\site\serenity\c8f1af93af57ecb253c27d89b60ef69eff6d653275bc83296f192525753b52f1.png
16:14:53.332 [Test worker] DEBUG net.thucydides.core.steps.StepInterceptor - STARTING STEP: MakeAppointment.performAs - {0} clicks on #target
16:14:53.333 [Test worker] DEBUG net.serenitybdd.screenplay.targets.IFrameSwitcher - default content already selected for button to book appointment
16:14:53.477 [Forwarding findElement on session b0ce8d46a5f7dbbffbb869fc2b634a3a to remote] DEBUG org.asynchttpclient.netty.request.NettyRequestSender - Using pooled Channel '[id: 0x7adc0feb, L:/127.0.0.1:51261 - R:localhost/127.0.0.1:61515]' for 'POST' to 'http://localhost:61515/session/b0ce8d46a5f7dbbffbb869fc2b634a3a/element'
16:14:53.478 [Forwarding findElement on session b0ce8d46a5f7dbbffbb869fc2b634a3a to remote] DEBUG org.asynchttpclient.netty.request.NettyRequestSender - Using open Channel [id: 0x7adc0feb, L:/127.0.0.1:51261 - R:localhost/127.0.0.1:61515] for POST '/session/b0ce8d46a5f7dbbffbb869fc2b634a3a/element'
16:14:53.490 [AsyncHttpClient-1-2] DEBUG org.asynchttpclient.netty.handler.HttpHandler - 

Request DefaultHttpRequest(decodeResult: success, version: HTTP/1.1)
POST /session/b0ce8d46a5f7dbbffbb869fc2b634a3a/element HTTP/1.1
User-Agent: selenium/4.1.2 (java windows)
Content-Length: 80
Content-Type: application/json; charset=utf-8
host: localhost:61515
accept: */*

Response DefaultHttpResponse(decodeResult: success, version: HTTP/1.1)
HTTP/1.1 200 OK
Content-Type: application/json; charset=utf-8
cache-control: no-cache
content-length: 88

16:14:53.490 [AsyncHttpClient-1-2] DEBUG org.asynchttpclient.netty.channel.ChannelManager - Adding key: http://localhost:61515 for channel [id: 0x7adc0feb, L:/127.0.0.1:51261 - R:localhost/127.0.0.1:61515]
16:14:53.506 [Forwarding isElementDisplayed on session b0ce8d46a5f7dbbffbb869fc2b634a3a to remote] DEBUG org.asynchttpclient.netty.request.NettyRequestSender - Using pooled Channel '[id: 0x7adc0feb, L:/127.0.0.1:51261 - R:localhost/127.0.0.1:61515]' for 'POST' to 'http://localhost:61515/session/b0ce8d46a5f7dbbffbb869fc2b634a3a/execute/sync'
16:14:53.506 [Forwarding isElementDisplayed on session b0ce8d46a5f7dbbffbb869fc2b634a3a to remote] DEBUG org.asynchttpclient.netty.request.NettyRequestSender - Using open Channel [id: 0x7adc0feb, L:/127.0.0.1:51261 - R:localhost/127.0.0.1:61515] for POST '/session/b0ce8d46a5f7dbbffbb869fc2b634a3a/execute/sync'
16:14:53.516 [AsyncHttpClient-1-2] DEBUG org.asynchttpclient.netty.handler.HttpHandler - 

Request DefaultHttpRequest(decodeResult: success, version: HTTP/1.1)
POST /session/b0ce8d46a5f7dbbffbb869fc2b634a3a/execute/sync HTTP/1.1
User-Agent: selenium/4.1.2 (java windows)
Content-Length: 48780
Content-Type: application/json; charset=utf-8
host: localhost:61515
accept: */*

Response DefaultHttpResponse(decodeResult: success, version: HTTP/1.1)
HTTP/1.1 200 OK
Content-Type: application/json; charset=utf-8
cache-control: no-cache
content-length: 14

16:14:53.516 [AsyncHttpClient-1-2] DEBUG org.asynchttpclient.netty.channel.ChannelManager - Adding key: http://localhost:61515 for channel [id: 0x7adc0feb, L:/127.0.0.1:51261 - R:localhost/127.0.0.1:61515]
16:14:53.539 [Forwarding findElement on session b0ce8d46a5f7dbbffbb869fc2b634a3a to remote] DEBUG org.asynchttpclient.netty.request.NettyRequestSender - Using pooled Channel '[id: 0x7adc0feb, L:/127.0.0.1:51261 - R:localhost/127.0.0.1:61515]' for 'POST' to 'http://localhost:61515/session/b0ce8d46a5f7dbbffbb869fc2b634a3a/element'
16:14:53.540 [Forwarding findElement on session b0ce8d46a5f7dbbffbb869fc2b634a3a to remote] DEBUG org.asynchttpclient.netty.request.NettyRequestSender - Using open Channel [id: 0x7adc0feb, L:/127.0.0.1:51261 - R:localhost/127.0.0.1:61515] for POST '/session/b0ce8d46a5f7dbbffbb869fc2b634a3a/element'
16:14:53.548 [AsyncHttpClient-1-2] DEBUG org.asynchttpclient.netty.handler.HttpHandler - 

Request DefaultHttpRequest(decodeResult: success, version: HTTP/1.1)
POST /session/b0ce8d46a5f7dbbffbb869fc2b634a3a/element HTTP/1.1
User-Agent: selenium/4.1.2 (java windows)
Content-Length: 80
Content-Type: application/json; charset=utf-8
host: localhost:61515
accept: */*

Response DefaultHttpResponse(decodeResult: success, version: HTTP/1.1)
HTTP/1.1 200 OK
Content-Type: application/json; charset=utf-8
cache-control: no-cache
content-length: 88

16:14:53.548 [AsyncHttpClient-1-2] DEBUG org.asynchttpclient.netty.channel.ChannelManager - Adding key: http://localhost:61515 for channel [id: 0x7adc0feb, L:/127.0.0.1:51261 - R:localhost/127.0.0.1:61515]
16:14:53.550 [Forwarding clickElement on session b0ce8d46a5f7dbbffbb869fc2b634a3a to remote] DEBUG org.asynchttpclient.netty.request.NettyRequestSender - Using pooled Channel '[id: 0x7adc0feb, L:/127.0.0.1:51261 - R:localhost/127.0.0.1:61515]' for 'POST' to 'http://localhost:61515/session/b0ce8d46a5f7dbbffbb869fc2b634a3a/element/69740e7f-7097-4c29-beea-014fed28c38d/click'
16:14:53.550 [Forwarding clickElement on session b0ce8d46a5f7dbbffbb869fc2b634a3a to remote] DEBUG org.asynchttpclient.netty.request.NettyRequestSender - Using open Channel [id: 0x7adc0feb, L:/127.0.0.1:51261 - R:localhost/127.0.0.1:61515] for POST '/session/b0ce8d46a5f7dbbffbb869fc2b634a3a/element/69740e7f-7097-4c29-beea-014fed28c38d/click'
16:14:53.800 [AsyncHttpClient-1-1] DEBUG org.asynchttpclient.netty.channel.DefaultChannelPool - Entry count for : http://localhost:51262 : 1
16:14:54.132 [AsyncHttpClient-1-2] DEBUG org.asynchttpclient.netty.handler.HttpHandler - 

Request DefaultHttpRequest(decodeResult: success, version: HTTP/1.1)
POST /session/b0ce8d46a5f7dbbffbb869fc2b634a3a/element/69740e7f-7097-4c29-beea-014fed28c38d/click HTTP/1.1
User-Agent: selenium/4.1.2 (java windows)
Content-Length: 50
Content-Type: application/json; charset=utf-8
host: localhost:61515
accept: */*

Response DefaultHttpResponse(decodeResult: success, version: HTTP/1.1)
HTTP/1.1 200 OK
Content-Type: application/json; charset=utf-8
cache-control: no-cache
content-length: 14

16:14:54.132 [AsyncHttpClient-1-2] DEBUG org.asynchttpclient.netty.channel.ChannelManager - Adding key: http://localhost:61515 for channel [id: 0x7adc0feb, L:/127.0.0.1:51261 - R:localhost/127.0.0.1:61515]
16:14:54.169 [Forwarding screenshot on session b0ce8d46a5f7dbbffbb869fc2b634a3a to remote] DEBUG org.asynchttpclient.netty.request.NettyRequestSender - Using pooled Channel '[id: 0x7adc0feb, L:/127.0.0.1:51261 - R:localhost/127.0.0.1:61515]' for 'GET' to 'http://localhost:61515/session/b0ce8d46a5f7dbbffbb869fc2b634a3a/screenshot'
16:14:54.169 [Forwarding screenshot on session b0ce8d46a5f7dbbffbb869fc2b634a3a to remote] DEBUG org.asynchttpclient.netty.request.NettyRequestSender - Using open Channel [id: 0x7adc0feb, L:/127.0.0.1:51261 - R:localhost/127.0.0.1:61515] for GET '/session/b0ce8d46a5f7dbbffbb869fc2b634a3a/screenshot'
16:14:54.456 [AsyncHttpClient-1-2] DEBUG org.asynchttpclient.netty.handler.HttpHandler - 

Request DefaultFullHttpRequest(decodeResult: success, version: HTTP/1.1, content: EmptyByteBufBE)
GET /session/b0ce8d46a5f7dbbffbb869fc2b634a3a/screenshot HTTP/1.1
User-Agent: selenium/4.1.2 (java windows)
Cache-Control: no-cache
Content-Type: application/json; charset=utf-8
host: localhost:61515
accept: */*

Response DefaultHttpResponse(decodeResult: success, version: HTTP/1.1)
HTTP/1.1 200 OK
Content-Type: application/json; charset=utf-8
cache-control: no-cache
content-length: 23044

16:14:54.456 [AsyncHttpClient-1-2] DEBUG org.asynchttpclient.netty.channel.ChannelManager - Adding key: http://localhost:61515 for channel [id: 0x7adc0feb, L:/127.0.0.1:51261 - R:localhost/127.0.0.1:61515]
16:14:54.462 [Test worker] DEBUG net.serenitybdd.core.photography.Darkroom - Send negative for processing for C:\Users\user\IdeaProjects\pruebaAutomatizacion\target\site\serenity\7d0d737d4312d21681d22f63b3b744a5b1de9ec5b2b24992a564bcf1e8f10e37.png
16:14:54.467 [Darkroom Processing Line] DEBUG net.serenitybdd.core.photography.DarkroomProcessingLine - Processing screenshot image in /var/screenshots/screenshot-13756507891237121194
16:14:54.467 [Darkroom Processing Line] DEBUG net.serenitybdd.core.photography.DarkroomProcessingLine - Saving screenshot to C:\Users\user\IdeaProjects\pruebaAutomatizacion\target\site\serenity\7d0d737d4312d21681d22f63b3b744a5b1de9ec5b2b24992a564bcf1e8f10e37.png
16:14:54.527 [Forwarding screenshot on session b0ce8d46a5f7dbbffbb869fc2b634a3a to remote] DEBUG org.asynchttpclient.netty.request.NettyRequestSender - Using pooled Channel '[id: 0x7adc0feb, L:/127.0.0.1:51261 - R:localhost/127.0.0.1:61515]' for 'GET' to 'http://localhost:61515/session/b0ce8d46a5f7dbbffbb869fc2b634a3a/screenshot'
16:14:54.527 [Forwarding screenshot on session b0ce8d46a5f7dbbffbb869fc2b634a3a to remote] DEBUG org.asynchttpclient.netty.request.NettyRequestSender - Using open Channel [id: 0x7adc0feb, L:/127.0.0.1:51261 - R:localhost/127.0.0.1:61515] for GET '/session/b0ce8d46a5f7dbbffbb869fc2b634a3a/screenshot'
16:14:54.729 [AsyncHttpClient-1-2] DEBUG org.asynchttpclient.netty.handler.HttpHandler - 

Request DefaultFullHttpRequest(decodeResult: success, version: HTTP/1.1, content: EmptyByteBufBE)
GET /session/b0ce8d46a5f7dbbffbb869fc2b634a3a/screenshot HTTP/1.1
User-Agent: selenium/4.1.2 (java windows)
Cache-Control: no-cache
Content-Type: application/json; charset=utf-8
host: localhost:61515
accept: */*

Response DefaultHttpResponse(decodeResult: success, version: HTTP/1.1)
HTTP/1.1 200 OK
Content-Type: application/json; charset=utf-8
cache-control: no-cache
content-length: 23072

16:14:54.729 [AsyncHttpClient-1-2] DEBUG org.asynchttpclient.netty.channel.ChannelManager - Adding key: http://localhost:61515 for channel [id: 0x7adc0feb, L:/127.0.0.1:51261 - R:localhost/127.0.0.1:61515]
16:14:54.733 [Test worker] DEBUG net.serenitybdd.core.photography.Darkroom - Send negative for processing for C:\Users\user\IdeaProjects\pruebaAutomatizacion\target\site\serenity\2e5627f917f875385ed2bc0a3cac4ddb2496e7792a92a76e0ea0b51599fd1ceb.png
16:14:54.736 [Test worker] DEBUG net.thucydides.core.steps.StepInterceptor - STEP DONE: {0} clicks on #target
16:14:54.831 [Forwarding screenshot on session b0ce8d46a5f7dbbffbb869fc2b634a3a to remote] DEBUG org.asynchttpclient.netty.request.NettyRequestSender - Using pooled Channel '[id: 0x7adc0feb, L:/127.0.0.1:51261 - R:localhost/127.0.0.1:61515]' for 'GET' to 'http://localhost:61515/session/b0ce8d46a5f7dbbffbb869fc2b634a3a/screenshot'
16:14:54.831 [Forwarding screenshot on session b0ce8d46a5f7dbbffbb869fc2b634a3a to remote] DEBUG org.asynchttpclient.netty.request.NettyRequestSender - Using open Channel [id: 0x7adc0feb, L:/127.0.0.1:51261 - R:localhost/127.0.0.1:61515] for GET '/session/b0ce8d46a5f7dbbffbb869fc2b634a3a/screenshot'
16:14:54.897 [AsyncHttpClient-1-1] DEBUG org.asynchttpclient.netty.channel.DefaultChannelPool - Entry count for : http://localhost:51262 : 1
16:14:55.078 [AsyncHttpClient-1-2] DEBUG org.asynchttpclient.netty.handler.HttpHandler - 

Request DefaultFullHttpRequest(decodeResult: success, version: HTTP/1.1, content: EmptyByteBufBE)
GET /session/b0ce8d46a5f7dbbffbb869fc2b634a3a/screenshot HTTP/1.1
User-Agent: selenium/4.1.2 (java windows)
Cache-Control: no-cache
Content-Type: application/json; charset=utf-8
host: localhost:61515
accept: */*

Response DefaultHttpResponse(decodeResult: success, version: HTTP/1.1)
HTTP/1.1 200 OK
Content-Type: application/json; charset=utf-8
cache-control: no-cache
content-length: 23072

16:14:55.078 [AsyncHttpClient-1-2] DEBUG org.asynchttpclient.netty.channel.ChannelManager - Adding key: http://localhost:61515 for channel [id: 0x7adc0feb, L:/127.0.0.1:51261 - R:localhost/127.0.0.1:61515]
16:14:55.089 [Test worker] DEBUG net.serenitybdd.core.photography.Darkroom - Send negative for processing for C:\Users\user\IdeaProjects\pruebaAutomatizacion\target\site\serenity\2e5627f917f875385ed2bc0a3cac4ddb2496e7792a92a76e0ea0b51599fd1ceb.png
16:14:55.089 [Test worker] DEBUG net.thucydides.core.steps.StepInterceptor - STEP DONE: performAs
  ?[32mWhen ?[0m?[32mthe actor is log in and completes the appointment form?[0m ?[90m# com.herokuapp.stepDefinitions.LoginStepDefinition.theActorIsLogInAndCompletesTheAppointmentForm()?[0m
16:14:55.161 [Forwarding screenshot on session b0ce8d46a5f7dbbffbb869fc2b634a3a to remote] DEBUG org.asynchttpclient.netty.request.NettyRequestSender - Using pooled Channel '[id: 0x7adc0feb, L:/127.0.0.1:51261 - R:localhost/127.0.0.1:61515]' for 'GET' to 'http://localhost:61515/session/b0ce8d46a5f7dbbffbb869fc2b634a3a/screenshot'
16:14:55.161 [Forwarding screenshot on session b0ce8d46a5f7dbbffbb869fc2b634a3a to remote] DEBUG org.asynchttpclient.netty.request.NettyRequestSender - Using open Channel [id: 0x7adc0feb, L:/127.0.0.1:51261 - R:localhost/127.0.0.1:61515] for GET '/session/b0ce8d46a5f7dbbffbb869fc2b634a3a/screenshot'
16:14:55.313 [AsyncHttpClient-1-2] DEBUG org.asynchttpclient.netty.handler.HttpHandler - 

Request DefaultFullHttpRequest(decodeResult: success, version: HTTP/1.1, content: EmptyByteBufBE)
GET /session/b0ce8d46a5f7dbbffbb869fc2b634a3a/screenshot HTTP/1.1
User-Agent: selenium/4.1.2 (java windows)
Cache-Control: no-cache
Content-Type: application/json; charset=utf-8
host: localhost:61515
accept: */*

Response DefaultHttpResponse(decodeResult: success, version: HTTP/1.1)
HTTP/1.1 200 OK
Content-Type: application/json; charset=utf-8
cache-control: no-cache
content-length: 23072

16:14:55.313 [AsyncHttpClient-1-2] DEBUG org.asynchttpclient.netty.channel.ChannelManager - Adding key: http://localhost:61515 for channel [id: 0x7adc0feb, L:/127.0.0.1:51261 - R:localhost/127.0.0.1:61515]
16:14:55.315 [Test worker] DEBUG net.serenitybdd.core.photography.Darkroom - Send negative for processing for C:\Users\user\IdeaProjects\pruebaAutomatizacion\target\site\serenity\2e5627f917f875385ed2bc0a3cac4ddb2496e7792a92a76e0ea0b51599fd1ceb.png
16:14:55.998 [AsyncHttpClient-1-1] DEBUG org.asynchttpclient.netty.channel.DefaultChannelPool - Entry count for : http://localhost:51262 : 1
16:14:55.998 [AsyncHttpClient-1-1] DEBUG org.asynchttpclient.netty.channel.DefaultChannelPool - Entry count for : http://localhost:61515 : 1
16:14:57.102 [AsyncHttpClient-1-1] DEBUG org.asynchttpclient.netty.channel.DefaultChannelPool - Entry count for : http://localhost:51262 : 1
16:14:57.102 [AsyncHttpClient-1-1] DEBUG org.asynchttpclient.netty.channel.DefaultChannelPool - Entry count for : http://localhost:61515 : 1
16:14:58.198 [AsyncHttpClient-1-1] DEBUG org.asynchttpclient.netty.channel.DefaultChannelPool - Entry count for : http://localhost:51262 : 1
16:14:58.198 [AsyncHttpClient-1-1] DEBUG org.asynchttpclient.netty.channel.DefaultChannelPool - Entry count for : http://localhost:61515 : 1
16:14:58.886 [Forwarding screenshot on session b0ce8d46a5f7dbbffbb869fc2b634a3a to remote] DEBUG org.asynchttpclient.netty.request.NettyRequestSender - Using pooled Channel '[id: 0x7adc0feb, L:/127.0.0.1:51261 - R:localhost/127.0.0.1:61515]' for 'GET' to 'http://localhost:61515/session/b0ce8d46a5f7dbbffbb869fc2b634a3a/screenshot'
16:14:58.886 [Forwarding screenshot on session b0ce8d46a5f7dbbffbb869fc2b634a3a to remote] DEBUG org.asynchttpclient.netty.request.NettyRequestSender - Using open Channel [id: 0x7adc0feb, L:/127.0.0.1:51261 - R:localhost/127.0.0.1:61515] for GET '/session/b0ce8d46a5f7dbbffbb869fc2b634a3a/screenshot'
16:14:59.039 [AsyncHttpClient-1-2] DEBUG org.asynchttpclient.netty.handler.HttpHandler - 

Request DefaultFullHttpRequest(decodeResult: success, version: HTTP/1.1, content: EmptyByteBufBE)
GET /session/b0ce8d46a5f7dbbffbb869fc2b634a3a/screenshot HTTP/1.1
User-Agent: selenium/4.1.2 (java windows)
Cache-Control: no-cache
Content-Type: application/json; charset=utf-8
host: localhost:61515
accept: */*

Response DefaultHttpResponse(decodeResult: success, version: HTTP/1.1)
HTTP/1.1 200 OK
Content-Type: application/json; charset=utf-8
cache-control: no-cache
content-length: 23072

16:14:59.039 [AsyncHttpClient-1-2] DEBUG org.asynchttpclient.netty.channel.ChannelManager - Adding key: http://localhost:61515 for channel [id: 0x7adc0feb, L:/127.0.0.1:51261 - R:localhost/127.0.0.1:61515]
16:14:59.041 [Test worker] DEBUG net.serenitybdd.core.photography.Darkroom - Send negative for processing for C:\Users\user\IdeaProjects\pruebaAutomatizacion\target\site\serenity\2e5627f917f875385ed2bc0a3cac4ddb2496e7792a92a76e0ea0b51599fd1ceb.png
16:14:59.056 [Test worker] DEBUG net.serenitybdd.screenplay.targets.IFrameSwitcher - default content already selected for Appointment confirmation label
16:14:59.074 [Forwarding findElements on session b0ce8d46a5f7dbbffbb869fc2b634a3a to remote] DEBUG org.asynchttpclient.netty.request.NettyRequestSender - Using pooled Channel '[id: 0x7adc0feb, L:/127.0.0.1:51261 - R:localhost/127.0.0.1:61515]' for 'POST' to 'http://localhost:61515/session/b0ce8d46a5f7dbbffbb869fc2b634a3a/elements'
16:14:59.074 [Forwarding findElements on session b0ce8d46a5f7dbbffbb869fc2b634a3a to remote] DEBUG org.asynchttpclient.netty.request.NettyRequestSender - Using open Channel [id: 0x7adc0feb, L:/127.0.0.1:51261 - R:localhost/127.0.0.1:61515] for POST '/session/b0ce8d46a5f7dbbffbb869fc2b634a3a/elements'
16:14:59.104 [AsyncHttpClient-1-2] DEBUG org.asynchttpclient.netty.handler.HttpHandler - 

Request DefaultHttpRequest(decodeResult: success, version: HTTP/1.1)
POST /session/b0ce8d46a5f7dbbffbb869fc2b634a3a/elements HTTP/1.1
User-Agent: selenium/4.1.2 (java windows)
Content-Length: 105
Content-Type: application/json; charset=utf-8
host: localhost:61515
accept: */*

Response DefaultHttpResponse(decodeResult: success, version: HTTP/1.1)
HTTP/1.1 200 OK
Content-Type: application/json; charset=utf-8
cache-control: no-cache
content-length: 90

16:14:59.104 [AsyncHttpClient-1-2] DEBUG org.asynchttpclient.netty.channel.ChannelManager - Adding key: http://localhost:61515 for channel [id: 0x7adc0feb, L:/127.0.0.1:51261 - R:localhost/127.0.0.1:61515]
16:14:59.139 [Forwarding getElementText on session b0ce8d46a5f7dbbffbb869fc2b634a3a to remote] DEBUG org.asynchttpclient.netty.request.NettyRequestSender - Using pooled Channel '[id: 0x7adc0feb, L:/127.0.0.1:51261 - R:localhost/127.0.0.1:61515]' for 'GET' to 'http://localhost:61515/session/b0ce8d46a5f7dbbffbb869fc2b634a3a/element/175047cc-c9de-467c-a890-70817884a386/text'
16:14:59.140 [Forwarding getElementText on session b0ce8d46a5f7dbbffbb869fc2b634a3a to remote] DEBUG org.asynchttpclient.netty.request.NettyRequestSender - Using open Channel [id: 0x7adc0feb, L:/127.0.0.1:51261 - R:localhost/127.0.0.1:61515] for GET '/session/b0ce8d46a5f7dbbffbb869fc2b634a3a/element/175047cc-c9de-467c-a890-70817884a386/text'
16:14:59.216 [AsyncHttpClient-1-2] DEBUG org.asynchttpclient.netty.handler.HttpHandler - 

Request DefaultFullHttpRequest(decodeResult: success, version: HTTP/1.1, content: EmptyByteBufBE)
GET /session/b0ce8d46a5f7dbbffbb869fc2b634a3a/element/175047cc-c9de-467c-a890-70817884a386/text HTTP/1.1
User-Agent: selenium/4.1.2 (java windows)
Cache-Control: no-cache
Content-Type: application/json; charset=utf-8
host: localhost:61515
accept: */*

Response DefaultHttpResponse(decodeResult: success, version: HTTP/1.1)
HTTP/1.1 200 OK
Content-Type: application/json; charset=utf-8
cache-control: no-cache
content-length: 36

16:14:59.217 [AsyncHttpClient-1-2] DEBUG org.asynchttpclient.netty.channel.ChannelManager - Adding key: http://localhost:61515 for channel [id: 0x7adc0feb, L:/127.0.0.1:51261 - R:localhost/127.0.0.1:61515]
16:14:59.247 [Forwarding screenshot on session b0ce8d46a5f7dbbffbb869fc2b634a3a to remote] DEBUG org.asynchttpclient.netty.request.NettyRequestSender - Using pooled Channel '[id: 0x7adc0feb, L:/127.0.0.1:51261 - R:localhost/127.0.0.1:61515]' for 'GET' to 'http://localhost:61515/session/b0ce8d46a5f7dbbffbb869fc2b634a3a/screenshot'
16:14:59.247 [Forwarding screenshot on session b0ce8d46a5f7dbbffbb869fc2b634a3a to remote] DEBUG org.asynchttpclient.netty.request.NettyRequestSender - Using open Channel [id: 0x7adc0feb, L:/127.0.0.1:51261 - R:localhost/127.0.0.1:61515] for GET '/session/b0ce8d46a5f7dbbffbb869fc2b634a3a/screenshot'
16:14:59.297 [AsyncHttpClient-1-1] DEBUG org.asynchttpclient.netty.channel.DefaultChannelPool - Entry count for : http://localhost:51262 : 1
16:14:59.427 [AsyncHttpClient-1-2] DEBUG org.asynchttpclient.netty.handler.HttpHandler - 

Request DefaultFullHttpRequest(decodeResult: success, version: HTTP/1.1, content: EmptyByteBufBE)
GET /session/b0ce8d46a5f7dbbffbb869fc2b634a3a/screenshot HTTP/1.1
User-Agent: selenium/4.1.2 (java windows)
Cache-Control: no-cache
Content-Type: application/json; charset=utf-8
host: localhost:61515
accept: */*

Response DefaultHttpResponse(decodeResult: success, version: HTTP/1.1)
HTTP/1.1 200 OK
Content-Type: application/json; charset=utf-8
cache-control: no-cache
content-length: 23072

16:14:59.427 [AsyncHttpClient-1-2] DEBUG org.asynchttpclient.netty.channel.ChannelManager - Adding key: http://localhost:61515 for channel [id: 0x7adc0feb, L:/127.0.0.1:51261 - R:localhost/127.0.0.1:61515]
16:14:59.431 [Test worker] DEBUG net.serenitybdd.core.photography.Darkroom - Send negative for processing for C:\Users\user\IdeaProjects\pruebaAutomatizacion\target\site\serenity\2e5627f917f875385ed2bc0a3cac4ddb2496e7792a92a76e0ea0b51599fd1ceb.png
  ?[32mThen ?[0m?[32mthe actor sees the appointment confirmation?[0m            ?[90m# com.herokuapp.stepDefinitions.LoginStepDefinition.theActorSeesTheAppointmentConfirmation()?[0m
16:14:59.484 [Test worker] INFO  - 
  _____   ___   ___   _____     ___     _     ___   ___   ___   ___  
 |_   _| | __| / __| |_   _|   | _ \   /_\   / __| / __| | __| |   \ 
   | |   | _|  \__ \   | |     |  _/  / _ \  \__ \ \__ \ | _|  | |) |
   |_|   |___| |___/   |_|     |_|   /_/ \_\ |___/ |___/ |___| |___/ 


----------------------------------------------------------------------
16:15:00.266 [Driver Command Executor] DEBUG org.asynchttpclient.netty.request.NettyRequestSender - Using pooled Channel '[id: 0x7adc0feb, L:/127.0.0.1:51261 - R:localhost/127.0.0.1:61515]' for 'DELETE' to 'http://localhost:61515/session/b0ce8d46a5f7dbbffbb869fc2b634a3a'
16:15:00.266 [Driver Command Executor] DEBUG org.asynchttpclient.netty.request.NettyRequestSender - Using open Channel [id: 0x7adc0feb, L:/127.0.0.1:51261 - R:localhost/127.0.0.1:61515] for DELETE '/session/b0ce8d46a5f7dbbffbb869fc2b634a3a'
16:15:00.269 [AsyncHttpClient-1-4] DEBUG org.asynchttpclient.netty.handler.WebSocketHandler - Channel Closed: [id: 0x9b1266bb, L:/127.0.0.1:51270 ! R:localhost/127.0.0.1:51262] with attribute NettyResponseFuture{currentRetry=5,
	isDone=1,
	isCancelled=0,
	asyncHandler=org.asynchttpclient.ws.WebSocketUpgradeHandler@13af2d2e,
	nettyRequest=org.asynchttpclient.netty.request.NettyRequest@6e5d68bf,
	future=java.util.concurrent.CompletableFuture@1e1ee802[Completed normally],
	uri=ws://localhost:51262/devtools/browser/aab0fe5e-9462-4b9f-baa7-36728889358f,
	keepAlive=true,
	redirectCount=0,
	timeoutsHolder=null,
	inAuth=0,
	touch=1679865266806}
16:15:00.294 [AsyncHttpClient-1-4] DEBUG org.asynchttpclient.netty.channel.ChannelManager - Closing Channel [id: 0x9b1266bb, L:/127.0.0.1:51270 ! R:localhost/127.0.0.1:51262] 
16:15:00.400 [AsyncHttpClient-1-1] DEBUG org.asynchttpclient.netty.channel.DefaultChannelPool - Entry count for : http://localhost:51262 : 1
16:15:00.811 [AsyncHttpClient-1-3] DEBUG org.asynchttpclient.netty.handler.HttpHandler - Unexpected I/O exception on channel [id: 0xfa465fa7, L:/127.0.0.1:51269 - R:localhost/127.0.0.1:51262]
java.io.IOException: Se ha forzado la interrupcin de una conexin existente por el host remoto
	at java.base/sun.nio.ch.SocketDispatcher.read0(Native Method)
	at java.base/sun.nio.ch.SocketDispatcher.read(SocketDispatcher.java:43)
	at java.base/sun.nio.ch.IOUtil.readIntoNativeBuffer(IOUtil.java:276)
	at java.base/sun.nio.ch.IOUtil.read(IOUtil.java:233)
	at java.base/sun.nio.ch.IOUtil.read(IOUtil.java:223)
	at java.base/sun.nio.ch.SocketChannelImpl.read(SocketChannelImpl.java:356)
	at io.netty.buffer.PooledByteBuf.setBytes(PooledByteBuf.java:258)
	at io.netty.buffer.AbstractByteBuf.writeBytes(AbstractByteBuf.java:1132)
	at io.netty.channel.socket.nio.NioSocketChannel.doReadBytes(NioSocketChannel.java:350)
	at io.netty.channel.nio.AbstractNioByteChannel$NioByteUnsafe.read(AbstractNioByteChannel.java:151)
	at io.netty.channel.nio.NioEventLoop.processSelectedKey(NioEventLoop.java:722)
	at io.netty.channel.nio.NioEventLoop.processSelectedKeysOptimized(NioEventLoop.java:658)
	at io.netty.channel.nio.NioEventLoop.processSelectedKeys(NioEventLoop.java:584)
	at io.netty.channel.nio.NioEventLoop.run(NioEventLoop.java:496)
	at io.netty.util.concurrent.SingleThreadEventExecutor$4.run(SingleThreadEventExecutor.java:986)
	at io.netty.util.internal.ThreadExecutorMap$2.run(ThreadExecutorMap.java:74)
	at io.netty.util.concurrent.FastThreadLocalRunnable.run(FastThreadLocalRunnable.java:30)
	at java.base/java.lang.Thread.run(Thread.java:829)
16:15:00.811 [AsyncHttpClient-1-3] DEBUG org.asynchttpclient.netty.channel.ChannelManager - Closing Channel [id: 0xfa465fa7, L:/127.0.0.1:51269 - R:localhost/127.0.0.1:51262] 
16:15:00.827 [AsyncHttpClient-1-2] DEBUG org.asynchttpclient.netty.handler.HttpHandler - 

Request DefaultFullHttpRequest(decodeResult: success, version: HTTP/1.1, content: EmptyByteBufBE)
DELETE /session/b0ce8d46a5f7dbbffbb869fc2b634a3a HTTP/1.1
User-Agent: selenium/4.1.2 (java windows)
Content-Type: application/json; charset=utf-8
host: localhost:61515
accept: */*

Response DefaultHttpResponse(decodeResult: success, version: HTTP/1.1)
HTTP/1.1 200 OK
Content-Type: application/json; charset=utf-8
cache-control: no-cache
content-length: 14

16:15:00.828 [AsyncHttpClient-1-2] DEBUG org.asynchttpclient.netty.channel.ChannelManager - Adding key: http://localhost:61515 for channel [id: 0x7adc0feb, L:/127.0.0.1:51261 - R:localhost/127.0.0.1:61515]
16:15:00.839 [AsyncHttpClient-1-3] DEBUG org.asynchttpclient.netty.handler.HttpHandler - Channel Closed: [id: 0xfa465fa7, L:/127.0.0.1:51269 ! R:localhost/127.0.0.1:51262] with attribute DISCARD
16:15:01.498 [AsyncHttpClient-1-1] DEBUG org.asynchttpclient.netty.channel.DefaultChannelPool - Entry count for : http://localhost:51262 : 1
16:15:01.498 [AsyncHttpClient-1-1] DEBUG org.asynchttpclient.netty.channel.DefaultChannelPool - Entry count for : http://localhost:61515 : 1
16:15:01.498 [AsyncHttpClient-1-1] DEBUG org.asynchttpclient.netty.channel.DefaultChannelPool - Adding Candidate expired Channel [id: 0xfa465fa7, L:/127.0.0.1:51269 ! R:localhost/127.0.0.1:51262] isIdleTimeoutExpired=false isRemotelyClosed=true isTtlExpired=false
16:15:01.498 [AsyncHttpClient-1-1] DEBUG org.asynchttpclient.netty.channel.DefaultChannelPool - Closing Idle Channel [id: 0xfa465fa7, L:/127.0.0.1:51269 ! R:localhost/127.0.0.1:51262]
16:15:01.498 [AsyncHttpClient-1-1] DEBUG org.asynchttpclient.netty.channel.DefaultChannelPool - Closed 1 connections out of 2 in 0 ms
16:15:01.916 [AsyncHttpClient-1-2] DEBUG org.asynchttpclient.netty.handler.HttpHandler - Channel Closed: [id: 0x7adc0feb, L:/127.0.0.1:51261 ! R:localhost/127.0.0.1:61515] with attribute DISCARD
16:15:02.119 [Test worker] DEBUG net.thucydides.core.reports.ReportService - Reporting formats: [JSON, HTML]
16:15:02.599 [AsyncHttpClient-1-1] DEBUG org.asynchttpclient.netty.channel.DefaultChannelPool - Entry count for : http://localhost:61515 : 1
16:15:02.600 [AsyncHttpClient-1-1] DEBUG org.asynchttpclient.netty.channel.DefaultChannelPool - Adding Candidate expired Channel [id: 0x7adc0feb, L:/127.0.0.1:51261 ! R:localhost/127.0.0.1:61515] isIdleTimeoutExpired=false isRemotelyClosed=true isTtlExpired=false
16:15:02.600 [AsyncHttpClient-1-1] DEBUG org.asynchttpclient.netty.channel.DefaultChannelPool - Closing Idle Channel [id: 0x7adc0feb, L:/127.0.0.1:51261 ! R:localhost/127.0.0.1:61515]
16:15:02.601 [AsyncHttpClient-1-1] DEBUG org.asynchttpclient.netty.channel.DefaultChannelPool - Closed 1 connections out of 1 in 1 ms
16:15:05.075 [Test worker] DEBUG net.thucydides.core.reports.ReportService - Reporting formats: [JSON, HTML]
16:15:05.244 [Test worker] DEBUG net.thucydides.core.reports.ReportService - Generating reports for 1 test outcomes using: net.thucydides.core.reports.json.JSONTestOutcomeReporter@32c77e0d
16:15:05.277 [pool-1-thread-1] DEBUG net.thucydides.core.reports.ReportService - Processing test outcome Make an appointment on the CURA website:
16:15:05.277 [pool-1-thread-1] DEBUG net.thucydides.core.reports.ReportService - net.thucydides.core.reports.json.JSONTestOutcomeReporter@32c77e0d: Generating report for test outcome: Make an appointment on the CURA website:
16:15:05.298 [pool-1-thread-1] DEBUG net.thucydides.core.reports.json.JSONTestOutcomeReporter - Generating JSON report for  to file C:\Users\user\IdeaProjects\pruebaAutomatizacion\target\site\serenity\4fba322df1cb1704a1f6efe302de0694c403c55bd3588bb241d3f55f4c9087ae.json (using temp file C:\Users\user\IdeaProjects\pruebaAutomatizacion\target\site\serenity\4fba322df1cb1704a1f6efe302de0694c403c55bd3588bb241d3f55f4c9087ae.jsonefada620-6b2b-444d-8068-699915f073a0)
16:15:05.894 [pool-1-thread-1] DEBUG net.thucydides.core.reports.ReportService - Processing test outcome Make an appointment on the CURA website: done
16:15:05.909 [Test worker] DEBUG net.thucydides.core.reports.ReportService - Shutting down executor service
16:15:05.909 [Test worker] DEBUG net.thucydides.core.reports.ReportService - Reports generated in: 665 ms
16:15:05.909 [Test worker] DEBUG net.thucydides.core.reports.ReportService - Generating reports for 1 test outcomes using: net.thucydides.core.reports.html.HtmlAcceptanceTestReporter@38617f1c
16:15:05.915 [pool-2-thread-1] DEBUG net.thucydides.core.reports.ReportService - Processing test outcome Make an appointment on the CURA website:
16:15:05.917 [pool-2-thread-1] DEBUG net.thucydides.core.reports.ReportService - net.thucydides.core.reports.html.HtmlAcceptanceTestReporter@38617f1c: Generating report for test outcome: Make an appointment on the CURA website:
16:15:05.994 [pool-2-thread-1] WARN net.thucydides.core.requirements.RequirementsTagProvider - Failed to load requirements: Illegal char <:> at index 4: file:\C:\Users\user\IdeaProjects\pruebaAutomatizacion\src\test\resources\com.herokuapp.features\Login.feature
java.nio.file.InvalidPathException: Illegal char <:> at index 4: file:\C:\Users\user\IdeaProjects\pruebaAutomatizacion\src\test\resources\com.herokuapp.features\Login.feature
	at java.base/sun.nio.fs.WindowsPathParser.normalize(WindowsPathParser.java:182)
	at java.base/sun.nio.fs.WindowsPathParser.parse(WindowsPathParser.java:153)
	at java.base/sun.nio.fs.WindowsPathParser.parse(WindowsPathParser.java:77)
	at java.base/sun.nio.fs.WindowsPath.parse(WindowsPath.java:92)
	at java.base/sun.nio.fs.WindowsFileSystem.getPath(WindowsFileSystem.java:229)
	at java.base/java.io.File.toPath(File.java:2329)
	at net.thucydides.core.requirements.RootDirectory.getRelativePathOf(RootDirectory.java:364)
	at net.thucydides.core.requirements.FileSystemRequirementsTagProvider.requirementWithMatchingPath(FileSystemRequirementsTagProvider.java:372)
	at net.thucydides.core.requirements.FileSystemRequirementsTagProvider.getParentRequirementOf(FileSystemRequirementsTagProvider.java:335)
	at net.thucydides.core.requirements.ParentRequirementsProvided.forOutcome(ParentRequirementsProvided.java:26)
	at net.thucydides.core.requirements.BaseRequirementsService.getParentRequirementOf(BaseRequirementsService.java:139)
	at net.thucydides.core.requirements.BaseRequirementsService.getParentRequirementFor(BaseRequirementsService.java:49)
	at net.thucydides.core.reports.html.HtmlAcceptanceTestReporter.addParentRequirmentFieldToContext(HtmlAcceptanceTestReporter.java:193)
	at net.thucydides.core.reports.html.HtmlAcceptanceTestReporter.addTestOutcomeToContext(HtmlAcceptanceTestReporter.java:187)
	at net.thucydides.core.reports.html.HtmlAcceptanceTestReporter.generateReportFor(HtmlAcceptanceTestReporter.java:103)
	at net.thucydides.core.reports.ReportService.generateReportFor(ReportService.java:246)
	at net.thucydides.core.reports.ReportService.lambda$generateReportsFor$0(ReportService.java:184)
	at java.base/java.util.concurrent.Executors$RunnableAdapter.call(Executors.java:515)
	at java.base/java.util.concurrent.FutureTask.run(FutureTask.java:264)
	at java.base/java.util.concurrent.ThreadPoolExecutor.runWorker(ThreadPoolExecutor.java:1128)
	at java.base/java.util.concurrent.ThreadPoolExecutor$Worker.run(ThreadPoolExecutor.java:628)
	at java.base/java.lang.Thread.run(Thread.java:829)
16:15:06.007 [pool-2-thread-1] WARN net.thucydides.core.requirements.RequirementsTagProvider - Failed to load requirements: Illegal char <:> at index 4: file:\C:\Users\user\IdeaProjects\pruebaAutomatizacion\src\test\resources\com.herokuapp.features\Login.feature
java.nio.file.InvalidPathException: Illegal char <:> at index 4: file:\C:\Users\user\IdeaProjects\pruebaAutomatizacion\src\test\resources\com.herokuapp.features\Login.feature
	at java.base/sun.nio.fs.WindowsPathParser.normalize(WindowsPathParser.java:182)
	at java.base/sun.nio.fs.WindowsPathParser.parse(WindowsPathParser.java:153)
	at java.base/sun.nio.fs.WindowsPathParser.parse(WindowsPathParser.java:77)
	at java.base/sun.nio.fs.WindowsPath.parse(WindowsPath.java:92)
	at java.base/sun.nio.fs.WindowsFileSystem.getPath(WindowsFileSystem.java:229)
	at java.base/java.io.File.toPath(File.java:2329)
	at net.thucydides.core.requirements.RootDirectory.getRelativePathOf(RootDirectory.java:364)
	at net.thucydides.core.requirements.FileSystemRequirementsTagProvider.requirementWithMatchingPath(FileSystemRequirementsTagProvider.java:372)
	at net.thucydides.core.requirements.FileSystemRequirementsTagProvider.getParentRequirementOf(FileSystemRequirementsTagProvider.java:335)
	at net.thucydides.core.requirements.ParentRequirementsProvided.forOutcome(ParentRequirementsProvided.java:26)
	at net.thucydides.core.requirements.BaseRequirementsService.getParentRequirementOf(BaseRequirementsService.java:139)
	at net.thucydides.core.requirements.BaseRequirementsService.getAncestorRequirementsFor(BaseRequirementsService.java:79)
	at net.thucydides.core.reports.html.HtmlAcceptanceTestReporter.addBreadcrumbs(HtmlAcceptanceTestReporter.java:223)
	at net.thucydides.core.reports.html.HtmlAcceptanceTestReporter.addParentRequirmentFieldToContext(HtmlAcceptanceTestReporter.java:211)
	at net.thucydides.core.reports.html.HtmlAcceptanceTestReporter.addTestOutcomeToContext(HtmlAcceptanceTestReporter.java:187)
	at net.thucydides.core.reports.html.HtmlAcceptanceTestReporter.generateReportFor(HtmlAcceptanceTestReporter.java:103)
	at net.thucydides.core.reports.ReportService.generateReportFor(ReportService.java:246)
	at net.thucydides.core.reports.ReportService.lambda$generateReportsFor$0(ReportService.java:184)
	at java.base/java.util.concurrent.Executors$RunnableAdapter.call(Executors.java:515)
	at java.base/java.util.concurrent.FutureTask.run(FutureTask.java:264)
	at java.base/java.util.concurrent.ThreadPoolExecutor.runWorker(ThreadPoolExecutor.java:1128)
	at java.base/java.util.concurrent.ThreadPoolExecutor$Worker.run(ThreadPoolExecutor.java:628)
	at java.base/java.lang.Thread.run(Thread.java:829)
16:15:06.010 [pool-2-thread-1] WARN net.thucydides.core.requirements.RequirementsTagProvider - Failed to load requirements: Illegal char <:> at index 4: file:\C:\Users\user\IdeaProjects\pruebaAutomatizacion\src\test\resources\com.herokuapp.features\Login.feature
java.nio.file.InvalidPathException: Illegal char <:> at index 4: file:\C:\Users\user\IdeaProjects\pruebaAutomatizacion\src\test\resources\com.herokuapp.features\Login.feature
	at java.base/sun.nio.fs.WindowsPathParser.normalize(WindowsPathParser.java:182)
	at java.base/sun.nio.fs.WindowsPathParser.parse(WindowsPathParser.java:153)
	at java.base/sun.nio.fs.WindowsPathParser.parse(WindowsPathParser.java:77)
	at java.base/sun.nio.fs.WindowsPath.parse(WindowsPath.java:92)
	at java.base/sun.nio.fs.WindowsFileSystem.getPath(WindowsFileSystem.java:229)
	at java.base/java.io.File.toPath(File.java:2329)
	at net.thucydides.core.requirements.RootDirectory.getRelativePathOf(RootDirectory.java:364)
	at net.thucydides.core.requirements.FileSystemRequirementsTagProvider.requirementWithMatchingPath(FileSystemRequirementsTagProvider.java:372)
	at net.thucydides.core.requirements.FileSystemRequirementsTagProvider.getParentRequirementOf(FileSystemRequirementsTagProvider.java:335)
	at net.thucydides.core.requirements.ParentRequirementsProvided.forOutcome(ParentRequirementsProvided.java:26)
	at net.thucydides.core.requirements.BaseRequirementsService.getParentRequirementOf(BaseRequirementsService.java:139)
	at net.thucydides.core.requirements.BaseRequirementsService.getAncestorRequirementsFor(BaseRequirementsService.java:79)
	at net.thucydides.core.tags.BreadcrumbTagFilter.getRequirementBreadcrumbsFrom(BreadcrumbTagFilter.java:51)
	at net.thucydides.core.reports.html.HtmlAcceptanceTestReporter.addBreadcrumbs(HtmlAcceptanceTestReporter.java:224)
	at net.thucydides.core.reports.html.HtmlAcceptanceTestReporter.addParentRequirmentFieldToContext(HtmlAcceptanceTestReporter.java:211)
	at net.thucydides.core.reports.html.HtmlAcceptanceTestReporter.addTestOutcomeToContext(HtmlAcceptanceTestReporter.java:187)
	at net.thucydides.core.reports.html.HtmlAcceptanceTestReporter.generateReportFor(HtmlAcceptanceTestReporter.java:103)
	at net.thucydides.core.reports.ReportService.generateReportFor(ReportService.java:246)
	at net.thucydides.core.reports.ReportService.lambda$generateReportsFor$0(ReportService.java:184)
	at java.base/java.util.concurrent.Executors$RunnableAdapter.call(Executors.java:515)
	at java.base/java.util.concurrent.FutureTask.run(FutureTask.java:264)
	at java.base/java.util.concurrent.ThreadPoolExecutor.runWorker(ThreadPoolExecutor.java:1128)
	at java.base/java.util.concurrent.ThreadPoolExecutor$Worker.run(ThreadPoolExecutor.java:628)
	at java.base/java.lang.Thread.run(Thread.java:829)
16:15:06.975 [pool-2-thread-1] WARN net.thucydides.core.requirements.RequirementsTagProvider - Failed to load requirements: Illegal char <:> at index 4: file:\C:\Users\user\IdeaProjects\pruebaAutomatizacion\src\test\resources\com.herokuapp.features\Login.feature
java.nio.file.InvalidPathException: Illegal char <:> at index 4: file:\C:\Users\user\IdeaProjects\pruebaAutomatizacion\src\test\resources\com.herokuapp.features\Login.feature
	at java.base/sun.nio.fs.WindowsPathParser.normalize(WindowsPathParser.java:182)
	at java.base/sun.nio.fs.WindowsPathParser.parse(WindowsPathParser.java:153)
	at java.base/sun.nio.fs.WindowsPathParser.parse(WindowsPathParser.java:77)
	at java.base/sun.nio.fs.WindowsPath.parse(WindowsPath.java:92)
	at java.base/sun.nio.fs.WindowsFileSystem.getPath(WindowsFileSystem.java:229)
	at java.base/java.io.File.toPath(File.java:2329)
	at net.thucydides.core.requirements.RootDirectory.getRelativePathOf(RootDirectory.java:364)
	at net.thucydides.core.requirements.FileSystemRequirementsTagProvider.requirementWithMatchingPath(FileSystemRequirementsTagProvider.java:372)
	at net.thucydides.core.requirements.FileSystemRequirementsTagProvider.getParentRequirementOf(FileSystemRequirementsTagProvider.java:335)
	at net.thucydides.core.requirements.ParentRequirementsProvided.forOutcome(ParentRequirementsProvided.java:26)
	at net.thucydides.core.requirements.BaseRequirementsService.getParentRequirementOf(BaseRequirementsService.java:139)
	at net.thucydides.core.requirements.BaseRequirementsService.getParentRequirementFor(BaseRequirementsService.java:49)
	at net.thucydides.core.reports.html.HtmlAcceptanceTestReporter.addParentRequirmentFieldToContext(HtmlAcceptanceTestReporter.java:193)
	at net.thucydides.core.reports.html.HtmlAcceptanceTestReporter.addTestOutcomeToContext(HtmlAcceptanceTestReporter.java:187)
	at net.thucydides.core.reports.html.HtmlAcceptanceTestReporter.generateScreenshotReportsFor(HtmlAcceptanceTestReporter.java:251)
	at net.thucydides.core.reports.html.HtmlAcceptanceTestReporter.generateReportFor(HtmlAcceptanceTestReporter.java:106)
	at net.thucydides.core.reports.ReportService.generateReportFor(ReportService.java:246)
	at net.thucydides.core.reports.ReportService.lambda$generateReportsFor$0(ReportService.java:184)
	at java.base/java.util.concurrent.Executors$RunnableAdapter.call(Executors.java:515)
	at java.base/java.util.concurrent.FutureTask.run(FutureTask.java:264)
	at java.base/java.util.concurrent.ThreadPoolExecutor.runWorker(ThreadPoolExecutor.java:1128)
	at java.base/java.util.concurrent.ThreadPoolExecutor$Worker.run(ThreadPoolExecutor.java:628)
	at java.base/java.lang.Thread.run(Thread.java:829)
16:15:06.975 [pool-2-thread-1] WARN net.thucydides.core.requirements.RequirementsTagProvider - Failed to load requirements: Illegal char <:> at index 4: file:\C:\Users\user\IdeaProjects\pruebaAutomatizacion\src\test\resources\com.herokuapp.features\Login.feature
java.nio.file.InvalidPathException: Illegal char <:> at index 4: file:\C:\Users\user\IdeaProjects\pruebaAutomatizacion\src\test\resources\com.herokuapp.features\Login.feature
	at java.base/sun.nio.fs.WindowsPathParser.normalize(WindowsPathParser.java:182)
	at java.base/sun.nio.fs.WindowsPathParser.parse(WindowsPathParser.java:153)
	at java.base/sun.nio.fs.WindowsPathParser.parse(WindowsPathParser.java:77)
	at java.base/sun.nio.fs.WindowsPath.parse(WindowsPath.java:92)
	at java.base/sun.nio.fs.WindowsFileSystem.getPath(WindowsFileSystem.java:229)
	at java.base/java.io.File.toPath(File.java:2329)
	at net.thucydides.core.requirements.RootDirectory.getRelativePathOf(RootDirectory.java:364)
	at net.thucydides.core.requirements.FileSystemRequirementsTagProvider.requirementWithMatchingPath(FileSystemRequirementsTagProvider.java:372)
	at net.thucydides.core.requirements.FileSystemRequirementsTagProvider.getParentRequirementOf(FileSystemRequirementsTagProvider.java:335)
	at net.thucydides.core.requirements.ParentRequirementsProvided.forOutcome(ParentRequirementsProvided.java:26)
	at net.thucydides.core.requirements.BaseRequirementsService.getParentRequirementOf(BaseRequirementsService.java:139)
	at net.thucydides.core.requirements.BaseRequirementsService.getAncestorRequirementsFor(BaseRequirementsService.java:79)
	at net.thucydides.core.reports.html.HtmlAcceptanceTestReporter.addBreadcrumbs(HtmlAcceptanceTestReporter.java:223)
	at net.thucydides.core.reports.html.HtmlAcceptanceTestReporter.addParentRequirmentFieldToContext(HtmlAcceptanceTestReporter.java:211)
	at net.thucydides.core.reports.html.HtmlAcceptanceTestReporter.addTestOutcomeToContext(HtmlAcceptanceTestReporter.java:187)
	at net.thucydides.core.reports.html.HtmlAcceptanceTestReporter.generateScreenshotReportsFor(HtmlAcceptanceTestReporter.java:251)
	at net.thucydides.core.reports.html.HtmlAcceptanceTestReporter.generateReportFor(HtmlAcceptanceTestReporter.java:106)
	at net.thucydides.core.reports.ReportService.generateReportFor(ReportService.java:246)
	at net.thucydides.core.reports.ReportService.lambda$generateReportsFor$0(ReportService.java:184)
	at java.base/java.util.concurrent.Executors$RunnableAdapter.call(Executors.java:515)
	at java.base/java.util.concurrent.FutureTask.run(FutureTask.java:264)
	at java.base/java.util.concurrent.ThreadPoolExecutor.runWorker(ThreadPoolExecutor.java:1128)
	at java.base/java.util.concurrent.ThreadPoolExecutor$Worker.run(ThreadPoolExecutor.java:628)
	at java.base/java.lang.Thread.run(Thread.java:829)
16:15:06.976 [pool-2-thread-1] WARN net.thucydides.core.requirements.RequirementsTagProvider - Failed to load requirements: Illegal char <:> at index 4: file:\C:\Users\user\IdeaProjects\pruebaAutomatizacion\src\test\resources\com.herokuapp.features\Login.feature
java.nio.file.InvalidPathException: Illegal char <:> at index 4: file:\C:\Users\user\IdeaProjects\pruebaAutomatizacion\src\test\resources\com.herokuapp.features\Login.feature
	at java.base/sun.nio.fs.WindowsPathParser.normalize(WindowsPathParser.java:182)
	at java.base/sun.nio.fs.WindowsPathParser.parse(WindowsPathParser.java:153)
	at java.base/sun.nio.fs.WindowsPathParser.parse(WindowsPathParser.java:77)
	at java.base/sun.nio.fs.WindowsPath.parse(WindowsPath.java:92)
	at java.base/sun.nio.fs.WindowsFileSystem.getPath(WindowsFileSystem.java:229)
	at java.base/java.io.File.toPath(File.java:2329)
	at net.thucydides.core.requirements.RootDirectory.getRelativePathOf(RootDirectory.java:364)
	at net.thucydides.core.requirements.FileSystemRequirementsTagProvider.requirementWithMatchingPath(FileSystemRequirementsTagProvider.java:372)
	at net.thucydides.core.requirements.FileSystemRequirementsTagProvider.getParentRequirementOf(FileSystemRequirementsTagProvider.java:335)
	at net.thucydides.core.requirements.ParentRequirementsProvided.forOutcome(ParentRequirementsProvided.java:26)
	at net.thucydides.core.requirements.BaseRequirementsService.getParentRequirementOf(BaseRequirementsService.java:139)
	at net.thucydides.core.requirements.BaseRequirementsService.getAncestorRequirementsFor(BaseRequirementsService.java:79)
	at net.thucydides.core.tags.BreadcrumbTagFilter.getRequirementBreadcrumbsFrom(BreadcrumbTagFilter.java:51)
	at net.thucydides.core.reports.html.HtmlAcceptanceTestReporter.addBreadcrumbs(HtmlAcceptanceTestReporter.java:224)
	at net.thucydides.core.reports.html.HtmlAcceptanceTestReporter.addParentRequirmentFieldToContext(HtmlAcceptanceTestReporter.java:211)
	at net.thucydides.core.reports.html.HtmlAcceptanceTestReporter.addTestOutcomeToContext(HtmlAcceptanceTestReporter.java:187)
	at net.thucydides.core.reports.html.HtmlAcceptanceTestReporter.generateScreenshotReportsFor(HtmlAcceptanceTestReporter.java:251)
	at net.thucydides.core.reports.html.HtmlAcceptanceTestReporter.generateReportFor(HtmlAcceptanceTestReporter.java:106)
	at net.thucydides.core.reports.ReportService.generateReportFor(ReportService.java:246)
	at net.thucydides.core.reports.ReportService.lambda$generateReportsFor$0(ReportService.java:184)
	at java.base/java.util.concurrent.Executors$RunnableAdapter.call(Executors.java:515)
	at java.base/java.util.concurrent.FutureTask.run(FutureTask.java:264)
	at java.base/java.util.concurrent.ThreadPoolExecutor.runWorker(ThreadPoolExecutor.java:1128)
	at java.base/java.util.concurrent.ThreadPoolExecutor$Worker.run(ThreadPoolExecutor.java:628)
	at java.base/java.lang.Thread.run(Thread.java:829)
16:15:09.343 [pool-2-thread-1] DEBUG net.thucydides.core.reports.ReportService - Processing test outcome Make an appointment on the CURA website: done
16:15:09.343 [Test worker] DEBUG net.thucydides.core.reports.ReportService - Shutting down executor service
16:15:09.343 [Test worker] DEBUG net.thucydides.core.reports.ReportService - Reports generated in: 3434 ms
16:15:10.004 [Test worker] DEBUG net.serenitybdd.core.photography.Darkroom - Closing darkroom
16:15:10.004 [Darkroom Processing Line] DEBUG net.serenitybdd.core.photography.DarkroomProcessingLine - Darkroom processing line shutting down
16:15:10.010 [Test worker] DEBUG net.serenitybdd.core.photography.Darkroom - Closing darkroom
]]></system-out>
  <system-err><![CDATA[Starting ChromeDriver 111.0.5563.64 (c710e93d5b63b7095afe8c2c17df34408078439d-refs/branch-heads/5563@{#995}) on port 61515
Only local connections are allowed.
Please see https://chromedriver.chromium.org/security-considerations for suggestions on keeping ChromeDriver safe.
ChromeDriver was started successfully.
mar. 26, 2023 4:14:26 P. M. org.openqa.selenium.remote.ProtocolHandshake createSession
INFORMACIN: Detected dialect: W3C
mar. 26, 2023 4:14:26 P. M. org.openqa.selenium.devtools.CdpVersionFinder findNearestMatch
ADVERTENCIA: Unable to find an exact match for CDP version 111, so returning the closest version found: a no-op implementation
mar. 26, 2023 4:14:26 P. M. org.openqa.selenium.devtools.CdpVersionFinder findNearestMatch
INFORMACIN: Unable to find CDP implementation matching 111.
mar. 26, 2023 4:14:26 P. M. org.openqa.selenium.chromium.ChromiumDriver lambda$new$3
ADVERTENCIA: Unable to find version of CDP to use for . You may need to include a dependency on a specific version of the CDP using something similar to `org.seleniumhq.selenium:selenium-devtools-v86:4.1.2` where the version ("v86") matches the version of the chromium-based browser you're using and the version number of the artifact is the same as Selenium's.
]]></system-err>
</testsuite>
